nohup: ignoring input
2025-01-15T16:39:49 (svs.sh:211:main) ./svs.sh --lang zh --local_data_opts --stage 1 --feats_type raw --fs 24000 --fmax 22050 --fmin 0 --n_fft 2048 --n_shift 256 --win_length 2048 --token_type phn --g2p None --cleaner none --train_config conf/train.yaml --inference_config conf/decode.yaml --train_set tr_no_dev --valid_set dev --test_sets dev eval --score_feats_extract syllable_score_feats --srctexts data/tr_no_dev/text --audio_format wav --stage 7 --svs_task gan_svs --pitch_extract dio --feats_extract fbank --feats_normalize none --score_feats_extract syllable_score_feats --inference_model latest.pth --write_collected_feats true
2025-01-15T16:39:50 (svs.sh:912:main) Stage 7: Decoding: training_dir=exp/svs_train_raw_phn_None_zh
2025-01-15T16:39:50 (svs.sh:952:main) Generate 'exp/svs_train_raw_phn_None_zh/decode_latest/run.sh'. You can resume the process from stage 7 using this script
2025-01-15T16:39:50 (svs.sh:1009:main) Decoding started... log: 'exp/svs_train_raw_phn_None_zh/decode_latest/dev/log/svs_inference.*.log'
2025-01-15T16:42:00 (svs.sh:1009:main) Decoding started... log: 'exp/svs_train_raw_phn_None_zh/decode_latest/eval/log/svs_inference.*.log'
2025-01-15T16:45:44 (svs.sh:1069:main) Stage 8: Scoring
2025-01-15T16:45:44 (svs.sh:1079:main) Begin Scoring for MCD metrics on dev, results are written under exp/svs_train_raw_phn_None_zh/decode_latest/dev/MCD_res
2025-01-15 16:45:46,428 (evaluate_mcd:287) INFO: The number of utterances = 105
2025-01-15 16:45:49,817 (evaluate_mcd:171) INFO: GTSINGER_CHINESE_Tenor1_Pharyngeal_曹操_ControlGroup_0000 8.3671
2025-01-15 16:45:49,848 (evaluate_mcd:171) INFO: GTSINGER_CHINESE_Tenor1_Glissando_大鱼_ControlGroup_0000 7.4428
2025-01-15 16:45:49,859 (evaluate_mcd:171) INFO: GTSINGER_CHINESE_Alto1_Vibrato_大鱼_ControlGroup_0003 6.6364
2025-01-15 16:45:49,939 (evaluate_mcd:171) INFO: GTSINGER_CHINESE_Tenor1_Glissando_大鱼_ControlGroup_0006 6.3683
2025-01-15 16:45:50,076 (evaluate_mcd:171) INFO: GTSINGER_CHINESE_Alto1_Vibrato_不再见_ControlGroup_0008 7.6557
2025-01-15 16:45:50,220 (evaluate_mcd:171) INFO: GTSINGER_CHINESE_Tenor1_Mixed_Voice_and_Falsetto_曹操_ControlGroup_0000 8.4562
2025-01-15 16:45:50,624 (evaluate_mcd:171) INFO: GTSINGER_CHINESE_Alto1_Breathy_不再见_BreathyGroup_0000 6.9696
2025-01-15 16:45:50,830 (evaluate_mcd:171) INFO: GTSINGER_CHINESE_Alto1_Breathy_不再见_ControlGroup_0003 5.9112
2025-01-15 16:45:51,028 (evaluate_mcd:171) INFO: GTSINGER_CHINESE_Alto1_Pharyngeal_大鱼_ControlGroup_0006 7.5452
2025-01-15 16:45:51,081 (evaluate_mcd:171) INFO: GTSINGER_CHINESE_Tenor1_Breathy_爱情转移_ControlGroup_0003 5.8047
2025-01-15 16:45:51,188 (evaluate_mcd:171) INFO: GTSINGER_CHINESE_Alto1_Vibrato_大鱼_ControlGroup_0010 7.0713
2025-01-15 16:45:51,224 (evaluate_mcd:171) INFO: GTSINGER_CHINESE_Alto1_Vibrato_不再见_ControlGroup_0001 6.1543
2025-01-15 16:45:51,227 (evaluate_mcd:171) INFO: GTSINGER_CHINESE_Tenor1_Breathy_爱情转移_BreathyGroup_0005 6.5514
2025-01-15 16:45:52,105 (evaluate_mcd:171) INFO: GTSINGER_CHINESE_Alto1_Glissando_曹操_ControlGroup_0006 7.3728
2025-01-15 16:45:52,770 (evaluate_mcd:171) INFO: GTSINGER_CHINESE_Tenor1_Pharyngeal_曹操_ControlGroup_0006 7.6833
2025-01-15 16:45:53,235 (evaluate_mcd:171) INFO: GTSINGER_CHINESE_Tenor1_Mixed_Voice_and_Falsetto_曹操_ControlGroup_0006 8.8264
2025-01-15 16:45:53,859 (evaluate_mcd:171) INFO: GTSINGER_CHINESE_Alto1_Vibrato_不再见_ControlGroup_0009 7.4727
2025-01-15 16:45:54,127 (evaluate_mcd:171) INFO: GTSINGER_CHINESE_Alto1_Vibrato_大鱼_ControlGroup_0004 6.1640
2025-01-15 16:45:54,162 (evaluate_mcd:171) INFO: GTSINGER_CHINESE_Alto1_Glissando_曹操_ControlGroup_0000 9.0073
2025-01-15 16:45:54,188 (evaluate_mcd:171) INFO: GTSINGER_CHINESE_Tenor1_Pharyngeal_曹操_ControlGroup_0001 7.8953
2025-01-15 16:45:54,395 (evaluate_mcd:171) INFO: GTSINGER_CHINESE_Alto1_Pharyngeal_大鱼_ControlGroup_0007 6.3252
2025-01-15 16:45:54,466 (evaluate_mcd:171) INFO: GTSINGER_CHINESE_Alto1_Vibrato_大鱼_ControlGroup_0011 6.4841
2025-01-15 16:45:54,711 (evaluate_mcd:171) INFO: GTSINGER_CHINESE_Alto1_Breathy_不再见_BreathyGroup_0001 6.8153
2025-01-15 16:45:54,892 (evaluate_mcd:171) INFO: GTSINGER_CHINESE_Tenor1_Mixed_Voice_and_Falsetto_曹操_ControlGroup_0001 7.1521
2025-01-15 16:45:54,938 (evaluate_mcd:171) INFO: GTSINGER_CHINESE_Tenor1_Glissando_大鱼_ControlGroup_0007 7.0425
2025-01-15 16:45:55,652 (evaluate_mcd:171) INFO: GTSINGER_CHINESE_Tenor1_Glissando_大鱼_ControlGroup_0001 6.2336
2025-01-15 16:45:55,731 (evaluate_mcd:171) INFO: GTSINGER_CHINESE_Alto1_Pharyngeal_大鱼_ControlGroup_0000 8.8970
2025-01-15 16:45:55,965 (evaluate_mcd:171) INFO: GTSINGER_CHINESE_Tenor1_Breathy_爱情转移_BreathyGroup_0006 6.4818
2025-01-15 16:45:56,044 (evaluate_mcd:171) INFO: GTSINGER_CHINESE_Tenor1_Breathy_爱情转移_ControlGroup_0004 6.3844
2025-01-15 16:45:56,201 (evaluate_mcd:171) INFO: GTSINGER_CHINESE_Alto1_Vibrato_不再见_ControlGroup_0002 7.3464
2025-01-15 16:45:57,962 (evaluate_mcd:171) INFO: GTSINGER_CHINESE_Alto1_Vibrato_大鱼_ControlGroup_0005 6.1538
2025-01-15 16:45:57,968 (evaluate_mcd:171) INFO: GTSINGER_CHINESE_Alto1_Vibrato_不再见_ControlGroup_0010 6.6977
2025-01-15 16:45:58,271 (evaluate_mcd:171) INFO: GTSINGER_CHINESE_Alto1_Glissando_曹操_ControlGroup_0001 7.4829
2025-01-15 16:45:58,454 (evaluate_mcd:171) INFO: GTSINGER_CHINESE_Alto1_Pharyngeal_大鱼_ControlGroup_0008 8.0546
2025-01-15 16:45:58,696 (evaluate_mcd:171) INFO: GTSINGER_CHINESE_Alto1_Breathy_不再见_BreathyGroup_0002 7.4787
2025-01-15 16:45:59,097 (evaluate_mcd:171) INFO: GTSINGER_CHINESE_Tenor1_Breathy_爱情转移_BreathyGroup_0000 7.4197
2025-01-15 16:45:59,267 (evaluate_mcd:171) INFO: GTSINGER_CHINESE_Alto1_Pharyngeal_大鱼_ControlGroup_0001 6.8924
2025-01-15 16:45:59,306 (evaluate_mcd:171) INFO: GTSINGER_CHINESE_Tenor1_Glissando_大鱼_ControlGroup_0002 6.1255
2025-01-15 16:45:59,481 (evaluate_mcd:171) INFO: GTSINGER_CHINESE_Tenor1_Breathy_爱情转移_BreathyGroup_0007 8.8231
2025-01-15 16:45:59,958 (evaluate_mcd:171) INFO: GTSINGER_CHINESE_Tenor1_Pharyngeal_曹操_ControlGroup_0007 6.9819
2025-01-15 16:46:00,212 (evaluate_mcd:171) INFO: GTSINGER_CHINESE_Tenor1_Pharyngeal_曹操_ControlGroup_0002 6.9638
2025-01-15 16:46:00,230 (evaluate_mcd:171) INFO: GTSINGER_CHINESE_Tenor1_Glissando_大鱼_ControlGroup_0008 5.9429
2025-01-15 16:46:00,410 (evaluate_mcd:171) INFO: GTSINGER_CHINESE_Tenor1_Mixed_Voice_and_Falsetto_曹操_ControlGroup_0007 7.1676
2025-01-15 16:46:00,692 (evaluate_mcd:171) INFO: GTSINGER_CHINESE_Tenor1_Breathy_爱情转移_ControlGroup_0005 5.8370
2025-01-15 16:46:01,013 (evaluate_mcd:171) INFO: GTSINGER_CHINESE_Alto1_Vibrato_不再见_ControlGroup_0003 5.9530
2025-01-15 16:46:01,469 (evaluate_mcd:171) INFO: GTSINGER_CHINESE_Tenor1_Mixed_Voice_and_Falsetto_曹操_ControlGroup_0002 7.6876
2025-01-15 16:46:02,517 (evaluate_mcd:171) INFO: GTSINGER_CHINESE_Alto1_Vibrato_大鱼_ControlGroup_0006 5.4913
2025-01-15 16:46:02,534 (evaluate_mcd:171) INFO: GTSINGER_CHINESE_Alto1_Pharyngeal_大鱼_ControlGroup_0009 7.6562
2025-01-15 16:46:02,541 (evaluate_mcd:171) INFO: GTSINGER_CHINESE_Alto1_Vibrato_不再见_ControlGroup_0011 6.1376
2025-01-15 16:46:02,631 (evaluate_mcd:171) INFO: GTSINGER_CHINESE_Alto1_Breathy_不再见_BreathyGroup_0003 6.2833
2025-01-15 16:46:03,028 (evaluate_mcd:171) INFO: GTSINGER_CHINESE_Alto1_Pharyngeal_大鱼_ControlGroup_0002 7.5272
2025-01-15 16:46:03,049 (evaluate_mcd:171) INFO: GTSINGER_CHINESE_Tenor1_Glissando_大鱼_ControlGroup_0003 6.0436
2025-01-15 16:46:03,241 (evaluate_mcd:171) INFO: GTSINGER_CHINESE_Tenor1_Pharyngeal_曹操_ControlGroup_0008 6.8856
2025-01-15 16:46:03,407 (evaluate_mcd:171) INFO: GTSINGER_CHINESE_Tenor1_Breathy_爱情转移_BreathyGroup_0008 6.1422
2025-01-15 16:46:03,449 (evaluate_mcd:171) INFO: GTSINGER_CHINESE_Tenor1_Glissando_大鱼_ControlGroup_0009 6.7806
2025-01-15 16:46:03,662 (evaluate_mcd:171) INFO: GTSINGER_CHINESE_Tenor1_Pharyngeal_曹操_ControlGroup_0003 6.8946
2025-01-15 16:46:03,740 (evaluate_mcd:171) INFO: GTSINGER_CHINESE_Tenor1_Breathy_爱情转移_BreathyGroup_0001 6.1471
2025-01-15 16:46:03,869 (evaluate_mcd:171) INFO: GTSINGER_CHINESE_Tenor1_Mixed_Voice_and_Falsetto_曹操_ControlGroup_0008 6.7117
2025-01-15 16:46:04,671 (evaluate_mcd:171) INFO: GTSINGER_CHINESE_Alto1_Glissando_曹操_ControlGroup_0002 6.6291
2025-01-15 16:46:05,172 (evaluate_mcd:171) INFO: GTSINGER_CHINESE_Tenor1_Mixed_Voice_and_Falsetto_曹操_ControlGroup_0003 7.9044
2025-01-15 16:46:05,332 (evaluate_mcd:171) INFO: GTSINGER_CHINESE_Alto1_Vibrato_不再见_ControlGroup_0004 7.2838
2025-01-15 16:46:05,482 (evaluate_mcd:171) INFO: GTSINGER_CHINESE_Tenor1_Breathy_爱情转移_ControlGroup_0006 6.5302
2025-01-15 16:46:05,640 (evaluate_mcd:171) INFO: GTSINGER_CHINESE_Alto1_Vibrato_大鱼_ControlGroup_0007 6.1444
2025-01-15 16:46:06,326 (evaluate_mcd:171) INFO: GTSINGER_CHINESE_Alto1_Vibrato_大鱼_ControlGroup_0000 6.6764
2025-01-15 16:46:06,474 (evaluate_mcd:171) INFO: GTSINGER_CHINESE_Tenor1_Glissando_大鱼_ControlGroup_0004 6.8143
2025-01-15 16:46:06,595 (evaluate_mcd:171) INFO: GTSINGER_CHINESE_Tenor1_Pharyngeal_曹操_ControlGroup_0009 6.9925
2025-01-15 16:46:06,602 (evaluate_mcd:171) INFO: GTSINGER_CHINESE_Alto1_Pharyngeal_大鱼_ControlGroup_0003 6.6438
2025-01-15 16:46:06,793 (evaluate_mcd:171) INFO: GTSINGER_CHINESE_Alto1_Breathy_不再见_ControlGroup_0000 6.5937
2025-01-15 16:46:07,082 (evaluate_mcd:171) INFO: GTSINGER_CHINESE_Alto1_Pharyngeal_大鱼_ControlGroup_0010 7.6235
2025-01-15 16:46:07,213 (evaluate_mcd:171) INFO: GTSINGER_CHINESE_Tenor1_Pharyngeal_曹操_ControlGroup_0004 6.9074
2025-01-15 16:46:07,317 (evaluate_mcd:171) INFO: GTSINGER_CHINESE_Tenor1_Mixed_Voice_and_Falsetto_曹操_ControlGroup_0009 7.2773
2025-01-15 16:46:08,089 (evaluate_mcd:171) INFO: GTSINGER_CHINESE_Tenor1_Breathy_爱情转移_ControlGroup_0000 5.4864
2025-01-15 16:46:08,390 (evaluate_mcd:171) INFO: GTSINGER_CHINESE_Tenor1_Breathy_爱情转移_BreathyGroup_0002 5.7024
2025-01-15 16:46:08,420 (evaluate_mcd:171) INFO: GTSINGER_CHINESE_Alto1_Glissando_曹操_ControlGroup_0003 7.1933
2025-01-15 16:46:08,994 (evaluate_mcd:171) INFO: GTSINGER_CHINESE_Tenor1_Mixed_Voice_and_Falsetto_曹操_ControlGroup_0004 7.9848
2025-01-15 16:46:09,010 (evaluate_mcd:171) INFO: GTSINGER_CHINESE_Tenor1_Breathy_爱情转移_ControlGroup_0007 8.7378
2025-01-15 16:46:09,087 (evaluate_mcd:171) INFO: GTSINGER_CHINESE_Tenor1_Glissando_大鱼_ControlGroup_0010 5.7710
2025-01-15 16:46:09,537 (evaluate_mcd:171) INFO: GTSINGER_CHINESE_Alto1_Vibrato_大鱼_ControlGroup_0001 6.2481
2025-01-15 16:46:09,715 (evaluate_mcd:171) INFO: GTSINGER_CHINESE_Alto1_Vibrato_不再见_ControlGroup_0005 7.2480
2025-01-15 16:46:09,721 (evaluate_mcd:171) INFO: GTSINGER_CHINESE_Alto1_Vibrato_大鱼_ControlGroup_0008 6.9203
2025-01-15 16:46:10,544 (evaluate_mcd:171) INFO: GTSINGER_CHINESE_Alto1_Pharyngeal_大鱼_ControlGroup_0011 6.2489
2025-01-15 16:46:10,637 (evaluate_mcd:171) INFO: GTSINGER_CHINESE_Alto1_Pharyngeal_大鱼_ControlGroup_0004 6.9472
2025-01-15 16:46:10,739 (evaluate_mcd:171) INFO: GTSINGER_CHINESE_Alto1_Breathy_不再见_ControlGroup_0001 5.9408
2025-01-15 16:46:10,832 (evaluate_mcd:171) INFO: GTSINGER_CHINESE_Tenor1_Pharyngeal_曹操_ControlGroup_0005 6.7967
2025-01-15 16:46:12,247 (evaluate_mcd:171) INFO: GTSINGER_CHINESE_Alto1_Glissando_曹操_ControlGroup_0004 7.5423
2025-01-15 16:46:12,708 (evaluate_mcd:171) INFO: GTSINGER_CHINESE_Tenor1_Pharyngeal_曹操_ControlGroup_0010 7.5117
2025-01-15 16:46:12,779 (evaluate_mcd:171) INFO: GTSINGER_CHINESE_Tenor1_Breathy_爱情转移_ControlGroup_0001 5.7073
2025-01-15 16:46:12,787 (evaluate_mcd:171) INFO: GTSINGER_CHINESE_Tenor1_Mixed_Voice_and_Falsetto_曹操_ControlGroup_0005 7.7081
2025-01-15 16:46:12,863 (evaluate_mcd:171) INFO: GTSINGER_CHINESE_Tenor1_Breathy_爱情转移_ControlGroup_0008 5.9090
2025-01-15 16:46:12,868 (evaluate_mcd:171) INFO: GTSINGER_CHINESE_Tenor1_Glissando_大鱼_ControlGroup_0011 6.2116
2025-01-15 16:46:13,007 (evaluate_mcd:171) INFO: GTSINGER_CHINESE_Tenor1_Breathy_爱情转移_BreathyGroup_0003 5.7293
2025-01-15 16:46:13,279 (evaluate_mcd:171) INFO: GTSINGER_CHINESE_Alto1_Vibrato_大鱼_ControlGroup_0002 6.9277
2025-01-15 16:46:13,625 (evaluate_mcd:171) INFO: GTSINGER_CHINESE_Tenor1_Mixed_Voice_and_Falsetto_曹操_ControlGroup_0010 7.8542
2025-01-15 16:46:13,632 (evaluate_mcd:171) INFO: GTSINGER_CHINESE_Alto1_Vibrato_大鱼_ControlGroup_0009 7.1964
2025-01-15 16:46:13,684 (evaluate_mcd:171) INFO: GTSINGER_CHINESE_Tenor1_Glissando_大鱼_ControlGroup_0005 5.7768
2025-01-15 16:46:14,152 (evaluate_mcd:171) INFO: GTSINGER_CHINESE_Alto1_Vibrato_不再见_ControlGroup_0006 7.3038
2025-01-15 16:46:14,657 (evaluate_mcd:171) INFO: GTSINGER_CHINESE_Alto1_Pharyngeal_大鱼_ControlGroup_0005 8.5621
2025-01-15 16:46:14,766 (evaluate_mcd:171) INFO: GTSINGER_CHINESE_Alto1_Breathy_不再见_ControlGroup_0002 6.4865
2025-01-15 16:46:15,680 (evaluate_mcd:171) INFO: GTSINGER_CHINESE_Alto1_Vibrato_不再见_ControlGroup_0000 6.3475
2025-01-15 16:46:15,988 (evaluate_mcd:171) INFO: GTSINGER_CHINESE_Alto1_Glissando_曹操_ControlGroup_0005 7.0693
2025-01-15 16:46:16,078 (evaluate_mcd:171) INFO: GTSINGER_CHINESE_Tenor1_Pharyngeal_曹操_ControlGroup_0011 8.7091
2025-01-15 16:46:17,305 (evaluate_mcd:171) INFO: GTSINGER_CHINESE_Tenor1_Breathy_爱情转移_ControlGroup_0002 5.7420
2025-01-15 16:46:17,357 (evaluate_mcd:171) INFO: GTSINGER_CHINESE_Tenor1_Mixed_Voice_and_Falsetto_曹操_ControlGroup_0011 9.3396
2025-01-15 16:46:17,672 (evaluate_mcd:171) INFO: GTSINGER_CHINESE_Tenor1_Breathy_爱情转移_BreathyGroup_0004 6.9227
2025-01-15 16:46:18,845 (evaluate_mcd:171) INFO: GTSINGER_CHINESE_Alto1_Vibrato_不再见_ControlGroup_0007 7.6286
2025-01-15 16:46:18,871 (evaluate_mcd:310) INFO: Average: 6.9554 ± 0.8647
2025-01-15 16:46:18,881 (evaluate_mcd:327) INFO: Successfully finished MCD evaluation.
2025-01-15T16:46:19 (svs.sh:1088:main) Begin Scoring for F0 related metrics on dev, results are written under exp/svs_train_raw_phn_None_zh/decode_latest/dev/F0_res
2025-01-15 16:46:20,562 (evaluate_f0:298) INFO: The number of utterances = 105
2025-01-15 16:46:28,511 (evaluate_f0:170) INFO: GTSINGER_CHINESE_Tenor1_Glissando_大鱼_ControlGroup_0000 0.0956
2025-01-15 16:46:28,889 (evaluate_f0:170) INFO: GTSINGER_CHINESE_Alto1_Vibrato_大鱼_ControlGroup_0003 0.2111
2025-01-15 16:46:28,949 (evaluate_f0:170) INFO: GTSINGER_CHINESE_Tenor1_Glissando_大鱼_ControlGroup_0006 0.0999
2025-01-15 16:46:28,988 (evaluate_f0:170) INFO: GTSINGER_CHINESE_Tenor1_Pharyngeal_曹操_ControlGroup_0000 0.0738
2025-01-15 16:46:29,202 (evaluate_f0:170) INFO: GTSINGER_CHINESE_Tenor1_Mixed_Voice_and_Falsetto_曹操_ControlGroup_0000 0.0893
2025-01-15 16:46:29,269 (evaluate_f0:170) INFO: GTSINGER_CHINESE_Alto1_Vibrato_不再见_ControlGroup_0008 0.1918
2025-01-15 16:46:29,530 (evaluate_f0:170) INFO: GTSINGER_CHINESE_Alto1_Breathy_不再见_ControlGroup_0003 0.0978
2025-01-15 16:46:31,913 (evaluate_f0:170) INFO: GTSINGER_CHINESE_Alto1_Breathy_不再见_BreathyGroup_0000 0.2204
2025-01-15 16:46:32,411 (evaluate_f0:170) INFO: GTSINGER_CHINESE_Tenor1_Breathy_爱情转移_ControlGroup_0003 0.1398
2025-01-15 16:46:32,665 (evaluate_f0:170) INFO: GTSINGER_CHINESE_Alto1_Vibrato_大鱼_ControlGroup_0010 0.1459
2025-01-15 16:46:32,894 (evaluate_f0:170) INFO: GTSINGER_CHINESE_Alto1_Vibrato_不再见_ControlGroup_0001 0.1294
2025-01-15 16:46:33,272 (evaluate_f0:170) INFO: GTSINGER_CHINESE_Alto1_Pharyngeal_大鱼_ControlGroup_0006 0.1858
2025-01-15 16:46:33,631 (evaluate_f0:170) INFO: GTSINGER_CHINESE_Tenor1_Breathy_爱情转移_BreathyGroup_0005 0.0678
2025-01-15 16:46:34,458 (evaluate_f0:170) INFO: GTSINGER_CHINESE_Alto1_Glissando_曹操_ControlGroup_0006 0.1187
2025-01-15 16:46:36,950 (evaluate_f0:170) INFO: GTSINGER_CHINESE_Tenor1_Mixed_Voice_and_Falsetto_曹操_ControlGroup_0006 0.1398
2025-01-15 16:46:38,244 (evaluate_f0:170) INFO: GTSINGER_CHINESE_Alto1_Glissando_曹操_ControlGroup_0000 0.2105
2025-01-15 16:46:38,300 (evaluate_f0:170) INFO: GTSINGER_CHINESE_Alto1_Vibrato_不再见_ControlGroup_0009 0.2602
2025-01-15 16:46:38,351 (evaluate_f0:170) INFO: GTSINGER_CHINESE_Alto1_Vibrato_大鱼_ControlGroup_0004 0.1186
2025-01-15 16:46:38,371 (evaluate_f0:170) INFO: GTSINGER_CHINESE_Tenor1_Pharyngeal_曹操_ControlGroup_0006 0.0937
2025-01-15 16:46:39,968 (evaluate_f0:170) INFO: GTSINGER_CHINESE_Tenor1_Pharyngeal_曹操_ControlGroup_0001 0.1247
2025-01-15 16:46:40,373 (evaluate_f0:170) INFO: GTSINGER_CHINESE_Tenor1_Mixed_Voice_and_Falsetto_曹操_ControlGroup_0001 0.0965
2025-01-15 16:46:40,824 (evaluate_f0:170) INFO: GTSINGER_CHINESE_Alto1_Vibrato_大鱼_ControlGroup_0011 0.1570
2025-01-15 16:46:41,528 (evaluate_f0:170) INFO: GTSINGER_CHINESE_Alto1_Breathy_不再见_BreathyGroup_0001 0.2117
2025-01-15 16:46:41,685 (evaluate_f0:170) INFO: GTSINGER_CHINESE_Alto1_Pharyngeal_大鱼_ControlGroup_0007 0.2452
2025-01-15 16:46:42,285 (evaluate_f0:170) INFO: GTSINGER_CHINESE_Tenor1_Glissando_大鱼_ControlGroup_0007 0.2494
2025-01-15 16:46:43,322 (evaluate_f0:170) INFO: GTSINGER_CHINESE_Alto1_Pharyngeal_大鱼_ControlGroup_0000 0.2093
2025-01-15 16:46:43,538 (evaluate_f0:170) INFO: GTSINGER_CHINESE_Tenor1_Glissando_大鱼_ControlGroup_0001 0.1192
2025-01-15 16:46:44,877 (evaluate_f0:170) INFO: GTSINGER_CHINESE_Tenor1_Breathy_爱情转移_ControlGroup_0004 0.0748
2025-01-15 16:46:45,363 (evaluate_f0:170) INFO: GTSINGER_CHINESE_Alto1_Vibrato_不再见_ControlGroup_0002 0.2273
2025-01-15 16:46:45,667 (evaluate_f0:170) INFO: GTSINGER_CHINESE_Tenor1_Breathy_爱情转移_BreathyGroup_0006 0.0604
2025-01-15 16:46:47,233 (evaluate_f0:170) INFO: GTSINGER_CHINESE_Alto1_Vibrato_不再见_ControlGroup_0010 0.1815
2025-01-15 16:46:47,414 (evaluate_f0:170) INFO: GTSINGER_CHINESE_Alto1_Vibrato_大鱼_ControlGroup_0005 0.1501
2025-01-15 16:46:48,731 (evaluate_f0:170) INFO: GTSINGER_CHINESE_Alto1_Glissando_曹操_ControlGroup_0001 0.1488
2025-01-15 16:46:51,331 (evaluate_f0:170) INFO: GTSINGER_CHINESE_Alto1_Pharyngeal_大鱼_ControlGroup_0008 0.2036
2025-01-15 16:46:51,612 (evaluate_f0:170) INFO: GTSINGER_CHINESE_Alto1_Breathy_不再见_BreathyGroup_0002 0.1188
2025-01-15 16:46:52,039 (evaluate_f0:170) INFO: GTSINGER_CHINESE_Alto1_Pharyngeal_大鱼_ControlGroup_0001 0.1013
2025-01-15 16:46:52,097 (evaluate_f0:170) INFO: GTSINGER_CHINESE_Tenor1_Glissando_大鱼_ControlGroup_0002 0.1767
2025-01-15 16:46:52,763 (evaluate_f0:170) INFO: GTSINGER_CHINESE_Tenor1_Breathy_爱情转移_BreathyGroup_0000 0.0665
2025-01-15 16:46:53,988 (evaluate_f0:170) INFO: GTSINGER_CHINESE_Tenor1_Mixed_Voice_and_Falsetto_曹操_ControlGroup_0007 0.0770
2025-01-15 16:46:54,027 (evaluate_f0:170) INFO: GTSINGER_CHINESE_Tenor1_Breathy_爱情转移_BreathyGroup_0007 0.1347
2025-01-15 16:46:54,733 (evaluate_f0:170) INFO: GTSINGER_CHINESE_Tenor1_Pharyngeal_曹操_ControlGroup_0002 0.0710
2025-01-15 16:46:55,280 (evaluate_f0:170) INFO: GTSINGER_CHINESE_Tenor1_Mixed_Voice_and_Falsetto_曹操_ControlGroup_0002 0.0978
2025-01-15 16:46:55,333 (evaluate_f0:170) INFO: GTSINGER_CHINESE_Tenor1_Pharyngeal_曹操_ControlGroup_0007 0.1205
2025-01-15 16:46:55,397 (evaluate_f0:170) INFO: GTSINGER_CHINESE_Tenor1_Glissando_大鱼_ControlGroup_0008 0.1677
2025-01-15 16:46:57,212 (evaluate_f0:170) INFO: GTSINGER_CHINESE_Alto1_Vibrato_不再见_ControlGroup_0003 0.1912
2025-01-15 16:46:57,427 (evaluate_f0:170) INFO: GTSINGER_CHINESE_Tenor1_Breathy_爱情转移_ControlGroup_0005 0.1410
2025-01-15 16:46:58,540 (evaluate_f0:170) INFO: GTSINGER_CHINESE_Alto1_Vibrato_大鱼_ControlGroup_0006 0.1372
2025-01-15 16:46:58,911 (evaluate_f0:170) INFO: GTSINGER_CHINESE_Alto1_Vibrato_不再见_ControlGroup_0011 0.0919
2025-01-15 16:46:59,822 (evaluate_f0:170) INFO: GTSINGER_CHINESE_Tenor1_Glissando_大鱼_ControlGroup_0003 0.0689
2025-01-15 16:47:00,555 (evaluate_f0:170) INFO: GTSINGER_CHINESE_Alto1_Pharyngeal_大鱼_ControlGroup_0009 0.1240
2025-01-15 16:47:01,174 (evaluate_f0:170) INFO: GTSINGER_CHINESE_Alto1_Breathy_不再见_BreathyGroup_0003 0.1933
2025-01-15 16:47:01,465 (evaluate_f0:170) INFO: GTSINGER_CHINESE_Alto1_Pharyngeal_大鱼_ControlGroup_0002 0.0974
2025-01-15 16:47:02,295 (evaluate_f0:170) INFO: GTSINGER_CHINESE_Tenor1_Mixed_Voice_and_Falsetto_曹操_ControlGroup_0008 0.0790
2025-01-15 16:47:02,972 (evaluate_f0:170) INFO: GTSINGER_CHINESE_Tenor1_Glissando_大鱼_ControlGroup_0009 0.1469
2025-01-15 16:47:03,071 (evaluate_f0:170) INFO: GTSINGER_CHINESE_Tenor1_Pharyngeal_曹操_ControlGroup_0003 0.0717
2025-01-15 16:47:03,266 (evaluate_f0:170) INFO: GTSINGER_CHINESE_Tenor1_Mixed_Voice_and_Falsetto_曹操_ControlGroup_0003 0.0899
2025-01-15 16:47:03,274 (evaluate_f0:170) INFO: GTSINGER_CHINESE_Tenor1_Pharyngeal_曹操_ControlGroup_0008 0.0688
2025-01-15 16:47:03,727 (evaluate_f0:170) INFO: GTSINGER_CHINESE_Tenor1_Breathy_爱情转移_BreathyGroup_0008 0.2211
2025-01-15 16:47:04,339 (evaluate_f0:170) INFO: GTSINGER_CHINESE_Alto1_Glissando_曹操_ControlGroup_0002 0.1286
2025-01-15 16:47:04,788 (evaluate_f0:170) INFO: GTSINGER_CHINESE_Tenor1_Breathy_爱情转移_BreathyGroup_0001 0.1097
2025-01-15 16:47:06,317 (evaluate_f0:170) INFO: GTSINGER_CHINESE_Alto1_Vibrato_大鱼_ControlGroup_0007 0.2059
2025-01-15 16:47:07,337 (evaluate_f0:170) INFO: GTSINGER_CHINESE_Tenor1_Glissando_大鱼_ControlGroup_0004 0.0604
2025-01-15 16:47:08,004 (evaluate_f0:170) INFO: GTSINGER_CHINESE_Alto1_Vibrato_大鱼_ControlGroup_0000 0.2217
2025-01-15 16:47:08,659 (evaluate_f0:170) INFO: GTSINGER_CHINESE_Alto1_Vibrato_不再见_ControlGroup_0004 0.2594
2025-01-15 16:47:09,579 (evaluate_f0:170) INFO: GTSINGER_CHINESE_Tenor1_Breathy_爱情转移_ControlGroup_0006 0.1010
2025-01-15 16:47:10,389 (evaluate_f0:170) INFO: GTSINGER_CHINESE_Alto1_Pharyngeal_大鱼_ControlGroup_0003 0.3223
2025-01-15 16:47:10,628 (evaluate_f0:170) INFO: GTSINGER_CHINESE_Alto1_Breathy_不再见_ControlGroup_0000 0.2131
2025-01-15 16:47:10,951 (evaluate_f0:170) INFO: GTSINGER_CHINESE_Tenor1_Mixed_Voice_and_Falsetto_曹操_ControlGroup_0009 0.1030
2025-01-15 16:47:11,700 (evaluate_f0:170) INFO: GTSINGER_CHINESE_Tenor1_Pharyngeal_曹操_ControlGroup_0009 0.0707
2025-01-15 16:47:11,805 (evaluate_f0:170) INFO: GTSINGER_CHINESE_Tenor1_Pharyngeal_曹操_ControlGroup_0004 0.0771
2025-01-15 16:47:11,859 (evaluate_f0:170) INFO: GTSINGER_CHINESE_Tenor1_Mixed_Voice_and_Falsetto_曹操_ControlGroup_0004 0.1009
2025-01-15 16:47:12,200 (evaluate_f0:170) INFO: GTSINGER_CHINESE_Alto1_Pharyngeal_大鱼_ControlGroup_0010 0.1644
2025-01-15 16:47:13,102 (evaluate_f0:170) INFO: GTSINGER_CHINESE_Alto1_Glissando_曹操_ControlGroup_0003 0.0948
2025-01-15 16:47:15,535 (evaluate_f0:170) INFO: GTSINGER_CHINESE_Alto1_Vibrato_大鱼_ControlGroup_0008 0.2549
2025-01-15 16:47:15,712 (evaluate_f0:170) INFO: GTSINGER_CHINESE_Tenor1_Breathy_爱情转移_ControlGroup_0000 0.0896
2025-01-15 16:47:16,005 (evaluate_f0:170) INFO: GTSINGER_CHINESE_Alto1_Vibrato_大鱼_ControlGroup_0001 0.1320
2025-01-15 16:47:16,800 (evaluate_f0:170) INFO: GTSINGER_CHINESE_Tenor1_Breathy_爱情转移_BreathyGroup_0002 0.1674
2025-01-15 16:47:17,713 (evaluate_f0:170) INFO: GTSINGER_CHINESE_Tenor1_Glissando_大鱼_ControlGroup_0010 0.1718
2025-01-15 16:47:17,853 (evaluate_f0:170) INFO: GTSINGER_CHINESE_Tenor1_Breathy_爱情转移_ControlGroup_0007 0.1303
2025-01-15 16:47:19,714 (evaluate_f0:170) INFO: GTSINGER_CHINESE_Alto1_Vibrato_不再见_ControlGroup_0005 0.1688
2025-01-15 16:47:19,754 (evaluate_f0:170) INFO: GTSINGER_CHINESE_Alto1_Breathy_不再见_ControlGroup_0001 0.1046
2025-01-15 16:47:19,933 (evaluate_f0:170) INFO: GTSINGER_CHINESE_Alto1_Pharyngeal_大鱼_ControlGroup_0011 0.0807
2025-01-15 16:47:20,385 (evaluate_f0:170) INFO: GTSINGER_CHINESE_Alto1_Pharyngeal_大鱼_ControlGroup_0004 0.2215
2025-01-15 16:47:20,400 (evaluate_f0:170) INFO: GTSINGER_CHINESE_Tenor1_Mixed_Voice_and_Falsetto_曹操_ControlGroup_0005 0.1025
2025-01-15 16:47:20,457 (evaluate_f0:170) INFO: GTSINGER_CHINESE_Tenor1_Pharyngeal_曹操_ControlGroup_0005 0.1159
2025-01-15 16:47:21,975 (evaluate_f0:170) INFO: GTSINGER_CHINESE_Alto1_Glissando_曹操_ControlGroup_0004 0.2154
2025-01-15 16:47:24,153 (evaluate_f0:170) INFO: GTSINGER_CHINESE_Tenor1_Glissando_大鱼_ControlGroup_0005 0.0969
2025-01-15 16:47:24,958 (evaluate_f0:170) INFO: GTSINGER_CHINESE_Alto1_Vibrato_大鱼_ControlGroup_0002 0.1612
2025-01-15 16:47:24,971 (evaluate_f0:170) INFO: GTSINGER_CHINESE_Alto1_Vibrato_大鱼_ControlGroup_0009 0.1027
2025-01-15 16:47:26,378 (evaluate_f0:170) INFO: GTSINGER_CHINESE_Tenor1_Glissando_大鱼_ControlGroup_0011 0.0909
2025-01-15 16:47:26,670 (evaluate_f0:170) INFO: GTSINGER_CHINESE_Tenor1_Mixed_Voice_and_Falsetto_曹操_ControlGroup_0010 0.1075
2025-01-15 16:47:27,218 (evaluate_f0:170) INFO: GTSINGER_CHINESE_Tenor1_Pharyngeal_曹操_ControlGroup_0010 0.1018
2025-01-15 16:47:27,469 (evaluate_f0:170) INFO: GTSINGER_CHINESE_Tenor1_Breathy_爱情转移_ControlGroup_0008 0.1239
2025-01-15 16:47:27,725 (evaluate_f0:170) INFO: GTSINGER_CHINESE_Tenor1_Breathy_爱情转移_ControlGroup_0001 0.0817
2025-01-15 16:47:29,077 (evaluate_f0:170) INFO: GTSINGER_CHINESE_Tenor1_Breathy_爱情转移_BreathyGroup_0003 0.0612
2025-01-15 16:47:30,020 (evaluate_f0:170) INFO: GTSINGER_CHINESE_Alto1_Breathy_不再见_ControlGroup_0002 0.1528
2025-01-15 16:47:30,645 (evaluate_f0:170) INFO: GTSINGER_CHINESE_Alto1_Glissando_曹操_ControlGroup_0005 0.1832
2025-01-15 16:47:31,181 (evaluate_f0:170) INFO: GTSINGER_CHINESE_Alto1_Pharyngeal_大鱼_ControlGroup_0005 0.2219
2025-01-15 16:47:31,643 (evaluate_f0:170) INFO: GTSINGER_CHINESE_Alto1_Vibrato_不再见_ControlGroup_0006 0.1799
2025-01-15 16:47:32,440 (evaluate_f0:170) INFO: GTSINGER_CHINESE_Alto1_Vibrato_不再见_ControlGroup_0000 0.1603
2025-01-15 16:47:36,259 (evaluate_f0:170) INFO: GTSINGER_CHINESE_Tenor1_Pharyngeal_曹操_ControlGroup_0011 0.0843
2025-01-15 16:47:36,265 (evaluate_f0:170) INFO: GTSINGER_CHINESE_Tenor1_Mixed_Voice_and_Falsetto_曹操_ControlGroup_0011 0.0972
2025-01-15 16:47:39,328 (evaluate_f0:170) INFO: GTSINGER_CHINESE_Tenor1_Breathy_爱情转移_ControlGroup_0002 0.0930
2025-01-15 16:47:41,185 (evaluate_f0:170) INFO: GTSINGER_CHINESE_Tenor1_Breathy_爱情转移_BreathyGroup_0004 0.0646
2025-01-15 16:47:43,490 (evaluate_f0:170) INFO: GTSINGER_CHINESE_Alto1_Vibrato_不再见_ControlGroup_0007 0.2559
2025-01-15 16:47:43,516 (evaluate_f0:323) INFO: Average: 0.1392 ± 0.0581
2025-01-15 16:47:43,525 (evaluate_f0:340) INFO: Successfully finished log-F0 RMSE evaluation.
2025-01-15T16:47:43 (svs.sh:1097:main) Begin Scoring for SEMITONE related metrics on dev, results are written under exp/svs_train_raw_phn_None_zh/decode_latest/dev/SEMITONE_res
2025-01-15 16:47:45,172 (evaluate_semitone:311) INFO: The number of utterances = 105
2025-01-15 16:49:07,670 (evaluate_semitone:335) INFO: Average - Semitone_ACC: 43.66%
2025-01-15 16:49:07,681 (evaluate_semitone:352) INFO: Successfully finished semitone ACC evaluation.
2025-01-15T16:49:07 (svs.sh:1106:main) Begin Scoring for VUV related metrics on dev, results are written under exp/svs_train_raw_phn_None_zh/decode_latest/dev/VUV_res
2025-01-15 16:49:09,409 (evaluate_vuv:302) INFO: The number of utterances = 105
2025-01-15 16:50:32,539 (evaluate_vuv:324) INFO: Average - VUV_ERROR: 3.95%
2025-01-15 16:50:32,548 (evaluate_vuv:341) INFO: Successfully finished VUV error evaluation.
2025-01-15T16:50:32 (svs.sh:1079:main) Begin Scoring for MCD metrics on eval, results are written under exp/svs_train_raw_phn_None_zh/decode_latest/eval/MCD_res
2025-01-15 16:50:34,228 (evaluate_mcd:287) INFO: The number of utterances = 148
2025-01-15 16:50:37,366 (evaluate_mcd:171) INFO: GTSINGER_CHINESE_Alto1_Vibrato_画心_ControlGroup_0009 7.9293
2025-01-15 16:50:37,580 (evaluate_mcd:171) INFO: GTSINGER_CHINESE_Alto1_Mixed_Voice_and_Falsetto_可惜没如果_ControlGroup_0005 8.5352
2025-01-15 16:50:37,917 (evaluate_mcd:171) INFO: GTSINGER_CHINESE_Tenor1_Glissando_画心_ControlGroup_0008 6.5957
2025-01-15 16:50:38,120 (evaluate_mcd:171) INFO: GTSINGER_CHINESE_Alto1_Mixed_Voice_and_Falsetto_画心_ControlGroup_0002 7.3056
2025-01-15 16:50:38,213 (evaluate_mcd:171) INFO: GTSINGER_CHINESE_Alto1_Vibrato_画心_ControlGroup_0000 6.2607
2025-01-15 16:50:38,278 (evaluate_mcd:171) INFO: GTSINGER_CHINESE_Tenor1_Mixed_Voice_and_Falsetto_菊花台_ControlGroup_0003 6.9742
2025-01-15 16:50:38,430 (evaluate_mcd:171) INFO: GTSINGER_CHINESE_Alto1_Mixed_Voice_and_Falsetto_画心_ControlGroup_0011 6.9595
2025-01-15 16:50:38,658 (evaluate_mcd:171) INFO: GTSINGER_CHINESE_Alto1_Glissando_可惜没如果_ControlGroup_0011 6.3056
2025-01-15 16:50:39,045 (evaluate_mcd:171) INFO: GTSINGER_CHINESE_Alto1_Glissando_可惜没如果_ControlGroup_0002 7.2701
2025-01-15 16:50:39,051 (evaluate_mcd:171) INFO: GTSINGER_CHINESE_Alto1_Vibrato_菊花台_ControlGroup_0006 6.9730
2025-01-15 16:50:39,631 (evaluate_mcd:171) INFO: GTSINGER_CHINESE_Alto1_Mixed_Voice_and_Falsetto_匆匆那年_ControlGroup_0008 6.7681
2025-01-15 16:50:39,671 (evaluate_mcd:171) INFO: GTSINGER_CHINESE_Alto1_Breathy_默_BreathyGroup_0006 6.2141
2025-01-15 16:50:40,435 (evaluate_mcd:171) INFO: GTSINGER_CHINESE_Tenor1_Breathy_默_ControlGroup_0001 6.3126
2025-01-15 16:50:40,703 (evaluate_mcd:171) INFO: GTSINGER_CHINESE_Alto1_Breathy_匆匆那年_BreathyGroup_0010 7.9227
2025-01-15 16:50:40,809 (evaluate_mcd:171) INFO: GTSINGER_CHINESE_Alto1_Breathy_匆匆那年_ControlGroup_0008 7.1633
2025-01-15 16:50:40,890 (evaluate_mcd:171) INFO: GTSINGER_CHINESE_Alto1_Breathy_匆匆那年_BreathyGroup_0000 7.3291
2025-01-15 16:50:41,230 (evaluate_mcd:171) INFO: GTSINGER_CHINESE_Alto1_Mixed_Voice_and_Falsetto_可惜没如果_ControlGroup_0006 8.6722
2025-01-15 16:50:41,323 (evaluate_mcd:171) INFO: GTSINGER_CHINESE_Alto1_Vibrato_画心_ControlGroup_0010 7.0665
2025-01-15 16:50:41,530 (evaluate_mcd:171) INFO: GTSINGER_CHINESE_Tenor1_Glissando_画心_ControlGroup_0009 6.1782
2025-01-15 16:50:41,584 (evaluate_mcd:171) INFO: GTSINGER_CHINESE_Tenor1_Mixed_Voice_and_Falsetto_菊花台_ControlGroup_0004 6.3682
2025-01-15 16:50:41,968 (evaluate_mcd:171) INFO: GTSINGER_CHINESE_Alto1_Mixed_Voice_and_Falsetto_画心_ControlGroup_0003 6.5952
2025-01-15 16:50:42,173 (evaluate_mcd:171) INFO: GTSINGER_CHINESE_Alto1_Mixed_Voice_and_Falsetto_菊花台_ControlGroup_0000 7.8389
2025-01-15 16:50:42,480 (evaluate_mcd:171) INFO: GTSINGER_CHINESE_Alto1_Vibrato_画心_ControlGroup_0001 6.9024
2025-01-15 16:50:42,803 (evaluate_mcd:171) INFO: GTSINGER_CHINESE_Alto1_Vibrato_菊花台_ControlGroup_0007 6.0222
2025-01-15 16:50:42,807 (evaluate_mcd:171) INFO: GTSINGER_CHINESE_Alto1_Glissando_可惜没如果_ControlGroup_0003 6.9747
2025-01-15 16:50:44,802 (evaluate_mcd:171) INFO: GTSINGER_CHINESE_Tenor1_Mixed_Voice_and_Falsetto_菊花台_ControlGroup_0005 6.4065
2025-01-15 16:50:44,806 (evaluate_mcd:171) INFO: GTSINGER_CHINESE_Tenor1_Glissando_画心_ControlGroup_0000 5.9613
2025-01-15 16:50:45,018 (evaluate_mcd:171) INFO: GTSINGER_CHINESE_Alto1_Vibrato_画心_ControlGroup_0011 5.7840
2025-01-15 16:50:45,086 (evaluate_mcd:171) INFO: GTSINGER_CHINESE_Tenor1_Glissando_画心_ControlGroup_0010 5.8406
2025-01-15 16:50:45,138 (evaluate_mcd:171) INFO: GTSINGER_CHINESE_Alto1_Mixed_Voice_and_Falsetto_匆匆那年_ControlGroup_0000 5.9223
2025-01-15 16:50:45,315 (evaluate_mcd:171) INFO: GTSINGER_CHINESE_Alto1_Mixed_Voice_and_Falsetto_可惜没如果_ControlGroup_0007 7.5147
2025-01-15 16:50:45,817 (evaluate_mcd:171) INFO: GTSINGER_CHINESE_Alto1_Breathy_默_ControlGroup_0000 7.0349
2025-01-15 16:50:45,927 (evaluate_mcd:171) INFO: GTSINGER_CHINESE_Alto1_Mixed_Voice_and_Falsetto_画心_ControlGroup_0004 6.3621
2025-01-15 16:50:46,156 (evaluate_mcd:171) INFO: GTSINGER_CHINESE_Alto1_Mixed_Voice_and_Falsetto_菊花台_ControlGroup_0001 6.3607
2025-01-15 16:50:46,461 (evaluate_mcd:171) INFO: GTSINGER_CHINESE_Alto1_Mixed_Voice_and_Falsetto_匆匆那年_ControlGroup_0009 7.5751
2025-01-15 16:50:46,506 (evaluate_mcd:171) INFO: GTSINGER_CHINESE_Alto1_Breathy_匆匆那年_BreathyGroup_0011 7.5191
2025-01-15 16:50:46,594 (evaluate_mcd:171) INFO: GTSINGER_CHINESE_Alto1_Breathy_匆匆那年_BreathyGroup_0001 7.1596
2025-01-15 16:50:46,757 (evaluate_mcd:171) INFO: GTSINGER_CHINESE_Alto1_Breathy_匆匆那年_ControlGroup_0009 6.6056
2025-01-15 16:50:46,860 (evaluate_mcd:171) INFO: GTSINGER_CHINESE_Alto1_Vibrato_画心_ControlGroup_0002 6.4238
2025-01-15 16:50:47,734 (evaluate_mcd:171) INFO: GTSINGER_CHINESE_Alto1_Vibrato_菊花台_ControlGroup_0008 7.5688
2025-01-15 16:50:48,351 (evaluate_mcd:171) INFO: GTSINGER_CHINESE_Tenor1_Glissando_画心_ControlGroup_0001 7.0750
2025-01-15 16:50:48,927 (evaluate_mcd:171) INFO: GTSINGER_CHINESE_Alto1_Mixed_Voice_and_Falsetto_可惜没如果_ControlGroup_0008 7.3703
2025-01-15 16:50:48,939 (evaluate_mcd:171) INFO: GTSINGER_CHINESE_Alto1_Glissando_可惜没如果_ControlGroup_0004 7.3359
2025-01-15 16:50:49,351 (evaluate_mcd:171) INFO: GTSINGER_CHINESE_Alto1_Vibrato_菊花台_ControlGroup_0000 6.3695
2025-01-15 16:50:50,179 (evaluate_mcd:171) INFO: GTSINGER_CHINESE_Alto1_Mixed_Voice_and_Falsetto_画心_ControlGroup_0005 7.3525
2025-01-15 16:50:50,638 (evaluate_mcd:171) INFO: GTSINGER_CHINESE_Alto1_Breathy_默_ControlGroup_0001 6.3262
2025-01-15 16:50:50,665 (evaluate_mcd:171) INFO: GTSINGER_CHINESE_Alto1_Pharyngeal_默_ControlGroup_0000 8.2625
2025-01-15 16:50:50,767 (evaluate_mcd:171) INFO: GTSINGER_CHINESE_Tenor1_Mixed_Voice_and_Falsetto_可惜没如果_ControlGroup_0000 6.7031
2025-01-15 16:50:51,194 (evaluate_mcd:171) INFO: GTSINGER_CHINESE_Alto1_Mixed_Voice_and_Falsetto_匆匆那年_ControlGroup_0001 6.4062
2025-01-15 16:50:51,298 (evaluate_mcd:171) INFO: GTSINGER_CHINESE_Alto1_Vibrato_画心_ControlGroup_0003 6.0643
2025-01-15 16:50:51,733 (evaluate_mcd:171) INFO: GTSINGER_CHINESE_Tenor1_Mixed_Voice_and_Falsetto_菊花台_ControlGroup_0006 7.1658
2025-01-15 16:50:51,828 (evaluate_mcd:171) INFO: GTSINGER_CHINESE_Tenor1_Glissando_画心_ControlGroup_0002 6.0819
2025-01-15 16:50:52,372 (evaluate_mcd:171) INFO: GTSINGER_CHINESE_Alto1_Mixed_Voice_and_Falsetto_可惜没如果_ControlGroup_0009 8.7124
2025-01-15 16:50:52,603 (evaluate_mcd:171) INFO: GTSINGER_CHINESE_Alto1_Glissando_可惜没如果_ControlGroup_0005 8.1028
2025-01-15 16:50:52,823 (evaluate_mcd:171) INFO: GTSINGER_CHINESE_Alto1_Mixed_Voice_and_Falsetto_匆匆那年_ControlGroup_0010 6.7824
2025-01-15 16:50:52,863 (evaluate_mcd:171) INFO: GTSINGER_CHINESE_Alto1_Breathy_匆匆那年_BreathyGroup_0002 8.4874
2025-01-15 16:50:52,956 (evaluate_mcd:171) INFO: GTSINGER_CHINESE_Alto1_Vibrato_菊花台_ControlGroup_0009 6.7443
2025-01-15 16:50:53,050 (evaluate_mcd:171) INFO: GTSINGER_CHINESE_Alto1_Breathy_匆匆那年_ControlGroup_0000 6.9997
2025-01-15 16:50:53,213 (evaluate_mcd:171) INFO: GTSINGER_CHINESE_Alto1_Breathy_匆匆那年_ControlGroup_0010 8.1661
2025-01-15 16:50:53,614 (evaluate_mcd:171) INFO: GTSINGER_CHINESE_Alto1_Vibrato_菊花台_ControlGroup_0001 7.0771
2025-01-15 16:50:53,957 (evaluate_mcd:171) INFO: GTSINGER_CHINESE_Tenor1_Mixed_Voice_and_Falsetto_可惜没如果_ControlGroup_0001 6.6270
2025-01-15 16:50:54,323 (evaluate_mcd:171) INFO: GTSINGER_CHINESE_Alto1_Mixed_Voice_and_Falsetto_画心_ControlGroup_0006 8.1618
2025-01-15 16:50:54,465 (evaluate_mcd:171) INFO: GTSINGER_CHINESE_Alto1_Breathy_默_ControlGroup_0002 6.6177
2025-01-15 16:50:54,527 (evaluate_mcd:171) INFO: GTSINGER_CHINESE_Alto1_Mixed_Voice_and_Falsetto_匆匆那年_ControlGroup_0002 7.5523
2025-01-15 16:50:54,800 (evaluate_mcd:171) INFO: GTSINGER_CHINESE_Alto1_Pharyngeal_默_ControlGroup_0001 9.8556
2025-01-15 16:50:55,350 (evaluate_mcd:171) INFO: GTSINGER_CHINESE_Tenor1_Glissando_画心_ControlGroup_0003 5.7827
2025-01-15 16:50:55,466 (evaluate_mcd:171) INFO: GTSINGER_CHINESE_Alto1_Vibrato_画心_ControlGroup_0004 5.5575
2025-01-15 16:50:55,862 (evaluate_mcd:171) INFO: GTSINGER_CHINESE_Tenor1_Mixed_Voice_and_Falsetto_菊花台_ControlGroup_0007 7.3056
2025-01-15 16:50:55,963 (evaluate_mcd:171) INFO: GTSINGER_CHINESE_Alto1_Mixed_Voice_and_Falsetto_可惜没如果_ControlGroup_0010 8.4454
2025-01-15 16:50:56,647 (evaluate_mcd:171) INFO: GTSINGER_CHINESE_Alto1_Glissando_可惜没如果_ControlGroup_0006 9.1140
2025-01-15 16:50:57,179 (evaluate_mcd:171) INFO: GTSINGER_CHINESE_Alto1_Vibrato_菊花台_ControlGroup_0010 8.1173
2025-01-15 16:50:57,747 (evaluate_mcd:171) INFO: GTSINGER_CHINESE_Alto1_Mixed_Voice_and_Falsetto_匆匆那年_ControlGroup_0003 7.1842
2025-01-15 16:50:57,870 (evaluate_mcd:171) INFO: GTSINGER_CHINESE_Alto1_Vibrato_菊花台_ControlGroup_0002 6.9250
2025-01-15 16:50:58,496 (evaluate_mcd:171) INFO: GTSINGER_CHINESE_Alto1_Mixed_Voice_and_Falsetto_画心_ControlGroup_0007 7.0491
2025-01-15 16:50:58,594 (evaluate_mcd:171) INFO: GTSINGER_CHINESE_Alto1_Breathy_默_ControlGroup_0003 6.3991
2025-01-15 16:50:58,846 (evaluate_mcd:171) INFO: GTSINGER_CHINESE_Tenor1_Glissando_画心_ControlGroup_0004 5.4784
2025-01-15 16:50:58,942 (evaluate_mcd:171) INFO: GTSINGER_CHINESE_Alto1_Breathy_匆匆那年_ControlGroup_0001 6.7829
2025-01-15 16:50:58,973 (evaluate_mcd:171) INFO: GTSINGER_CHINESE_Alto1_Breathy_匆匆那年_ControlGroup_0011 8.1774
2025-01-15 16:50:59,332 (evaluate_mcd:171) INFO: GTSINGER_CHINESE_Alto1_Mixed_Voice_and_Falsetto_匆匆那年_ControlGroup_0011 7.4000
2025-01-15 16:50:59,371 (evaluate_mcd:171) INFO: GTSINGER_CHINESE_Alto1_Pharyngeal_默_ControlGroup_0002 11.0302
2025-01-15 16:50:59,915 (evaluate_mcd:171) INFO: GTSINGER_CHINESE_Tenor1_Mixed_Voice_and_Falsetto_菊花台_ControlGroup_0008 6.4945
2025-01-15 16:51:00,116 (evaluate_mcd:171) INFO: GTSINGER_CHINESE_Alto1_Mixed_Voice_and_Falsetto_可惜没如果_ControlGroup_0011 8.1254
2025-01-15 16:51:00,152 (evaluate_mcd:171) INFO: GTSINGER_CHINESE_Alto1_Vibrato_画心_ControlGroup_0005 7.5028
2025-01-15 16:51:00,954 (evaluate_mcd:171) INFO: GTSINGER_CHINESE_Alto1_Mixed_Voice_and_Falsetto_匆匆那年_ControlGroup_0004 7.4733
2025-01-15 16:51:01,182 (evaluate_mcd:171) INFO: GTSINGER_CHINESE_Alto1_Glissando_可惜没如果_ControlGroup_0007 7.4715
2025-01-15 16:51:01,311 (evaluate_mcd:171) INFO: GTSINGER_CHINESE_Alto1_Breathy_匆匆那年_BreathyGroup_0003 8.5692
2025-01-15 16:51:01,975 (evaluate_mcd:171) INFO: GTSINGER_CHINESE_Tenor1_Mixed_Voice_and_Falsetto_可惜没如果_ControlGroup_0002 6.5905
2025-01-15 16:51:02,213 (evaluate_mcd:171) INFO: GTSINGER_CHINESE_Alto1_Vibrato_菊花台_ControlGroup_0003 6.3533
2025-01-15 16:51:02,315 (evaluate_mcd:171) INFO: GTSINGER_CHINESE_Tenor1_Glissando_画心_ControlGroup_0005 6.7117
2025-01-15 16:51:02,663 (evaluate_mcd:171) INFO: GTSINGER_CHINESE_Alto1_Mixed_Voice_and_Falsetto_画心_ControlGroup_0008 8.0578
2025-01-15 16:51:02,934 (evaluate_mcd:171) INFO: GTSINGER_CHINESE_Alto1_Mixed_Voice_and_Falsetto_可惜没如果_ControlGroup_0000 7.5911
2025-01-15 16:51:03,256 (evaluate_mcd:171) INFO: GTSINGER_CHINESE_Alto1_Vibrato_菊花台_ControlGroup_0011 7.0128
2025-01-15 16:51:03,842 (evaluate_mcd:171) INFO: GTSINGER_CHINESE_Alto1_Mixed_Voice_and_Falsetto_画心_ControlGroup_0000 7.1461
2025-01-15 16:51:03,871 (evaluate_mcd:171) INFO: GTSINGER_CHINESE_Alto1_Pharyngeal_默_ControlGroup_0003 7.8426
2025-01-15 16:51:04,721 (evaluate_mcd:171) INFO: GTSINGER_CHINESE_Alto1_Breathy_匆匆那年_BreathyGroup_0004 8.4177
2025-01-15 16:51:04,774 (evaluate_mcd:171) INFO: GTSINGER_CHINESE_Alto1_Vibrato_画心_ControlGroup_0006 6.6252
2025-01-15 16:51:05,003 (evaluate_mcd:171) INFO: GTSINGER_CHINESE_Alto1_Glissando_可惜没如果_ControlGroup_0008 7.5251
2025-01-15 16:51:05,074 (evaluate_mcd:171) INFO: GTSINGER_CHINESE_Alto1_Breathy_默_ControlGroup_0004 7.3821
2025-01-15 16:51:05,290 (evaluate_mcd:171) INFO: GTSINGER_CHINESE_Tenor1_Mixed_Voice_and_Falsetto_菊花台_ControlGroup_0000 6.2699
2025-01-15 16:51:05,333 (evaluate_mcd:171) INFO: GTSINGER_CHINESE_Alto1_Breathy_默_BreathyGroup_0000 7.1678
2025-01-15 16:51:05,543 (evaluate_mcd:171) INFO: GTSINGER_CHINESE_Alto1_Breathy_匆匆那年_ControlGroup_0002 8.2289
2025-01-15 16:51:06,480 (evaluate_mcd:171) INFO: GTSINGER_CHINESE_Alto1_Vibrato_菊花台_ControlGroup_0004 6.0767
2025-01-15 16:51:06,698 (evaluate_mcd:171) INFO: GTSINGER_CHINESE_Alto1_Mixed_Voice_and_Falsetto_画心_ControlGroup_0009 8.6701
2025-01-15 16:51:06,936 (evaluate_mcd:171) INFO: GTSINGER_CHINESE_Alto1_Mixed_Voice_and_Falsetto_匆匆那年_ControlGroup_0005 7.9387
2025-01-15 16:51:07,919 (evaluate_mcd:171) INFO: GTSINGER_CHINESE_Alto1_Mixed_Voice_and_Falsetto_画心_ControlGroup_0001 8.1627
2025-01-15 16:51:07,962 (evaluate_mcd:171) INFO: GTSINGER_CHINESE_Alto1_Pharyngeal_默_ControlGroup_0004 9.4282
2025-01-15 16:51:08,177 (evaluate_mcd:171) INFO: GTSINGER_CHINESE_Tenor1_Mixed_Voice_and_Falsetto_菊花台_ControlGroup_0009 7.5734
2025-01-15 16:51:08,558 (evaluate_mcd:171) INFO: GTSINGER_CHINESE_Tenor1_Glissando_画心_ControlGroup_0006 6.1335
2025-01-15 16:51:08,681 (evaluate_mcd:171) INFO: GTSINGER_CHINESE_Alto1_Mixed_Voice_and_Falsetto_可惜没如果_ControlGroup_0001 7.6036
2025-01-15 16:51:08,685 (evaluate_mcd:171) INFO: GTSINGER_CHINESE_Tenor1_Mixed_Voice_and_Falsetto_菊花台_ControlGroup_0001 6.5747
2025-01-15 16:51:08,894 (evaluate_mcd:171) INFO: GTSINGER_CHINESE_Alto1_Glissando_可惜没如果_ControlGroup_0009 7.7654
2025-01-15 16:51:09,219 (evaluate_mcd:171) INFO: GTSINGER_CHINESE_Tenor1_Breathy_默_BreathyGroup_0000 7.0126
2025-01-15 16:51:09,405 (evaluate_mcd:171) INFO: GTSINGER_CHINESE_Alto1_Vibrato_画心_ControlGroup_0007 5.7296
2025-01-15 16:51:09,675 (evaluate_mcd:171) INFO: GTSINGER_CHINESE_Alto1_Breathy_匆匆那年_BreathyGroup_0005 7.7817
2025-01-15 16:51:10,004 (evaluate_mcd:171) INFO: GTSINGER_CHINESE_Alto1_Breathy_默_BreathyGroup_0001 6.4281
2025-01-15 16:51:10,581 (evaluate_mcd:171) INFO: GTSINGER_CHINESE_Alto1_Mixed_Voice_and_Falsetto_匆匆那年_ControlGroup_0006 7.0552
2025-01-15 16:51:10,731 (evaluate_mcd:171) INFO: GTSINGER_CHINESE_Alto1_Vibrato_菊花台_ControlGroup_0005 6.1568
2025-01-15 16:51:10,796 (evaluate_mcd:171) INFO: GTSINGER_CHINESE_Alto1_Mixed_Voice_and_Falsetto_画心_ControlGroup_0010 7.4338
2025-01-15 16:51:11,314 (evaluate_mcd:171) INFO: GTSINGER_CHINESE_Alto1_Breathy_默_ControlGroup_0005 7.0061
2025-01-15 16:51:11,869 (evaluate_mcd:171) INFO: GTSINGER_CHINESE_Tenor1_Glissando_画心_ControlGroup_0007 6.9166
2025-01-15 16:51:12,067 (evaluate_mcd:171) INFO: GTSINGER_CHINESE_Tenor1_Mixed_Voice_and_Falsetto_菊花台_ControlGroup_0002 7.5593
2025-01-15 16:51:12,582 (evaluate_mcd:171) INFO: GTSINGER_CHINESE_Alto1_Mixed_Voice_and_Falsetto_可惜没如果_ControlGroup_0002 7.0542
2025-01-15 16:51:12,704 (evaluate_mcd:171) INFO: GTSINGER_CHINESE_Alto1_Pharyngeal_默_ControlGroup_0005 9.2876
2025-01-15 16:51:12,962 (evaluate_mcd:171) INFO: GTSINGER_CHINESE_Alto1_Glissando_可惜没如果_ControlGroup_0010 7.7122
2025-01-15 16:51:13,486 (evaluate_mcd:171) INFO: GTSINGER_CHINESE_Tenor1_Mixed_Voice_and_Falsetto_菊花台_ControlGroup_0010 6.9182
2025-01-15 16:51:13,494 (evaluate_mcd:171) INFO: GTSINGER_CHINESE_Alto1_Breathy_默_BreathyGroup_0002 7.4498
2025-01-15 16:51:13,499 (evaluate_mcd:171) INFO: GTSINGER_CHINESE_Alto1_Vibrato_画心_ControlGroup_0008 7.5818
2025-01-15 16:51:14,148 (evaluate_mcd:171) INFO: GTSINGER_CHINESE_Alto1_Breathy_匆匆那年_ControlGroup_0003 8.2319
2025-01-15 16:51:14,506 (evaluate_mcd:171) INFO: GTSINGER_CHINESE_Alto1_Breathy_匆匆那年_BreathyGroup_0006 7.8888
2025-01-15 16:51:14,960 (evaluate_mcd:171) INFO: GTSINGER_CHINESE_Tenor1_Breathy_默_BreathyGroup_0001 7.3784
2025-01-15 16:51:15,612 (evaluate_mcd:171) INFO: GTSINGER_CHINESE_Alto1_Mixed_Voice_and_Falsetto_匆匆那年_ControlGroup_0007 7.0183
2025-01-15 16:51:15,830 (evaluate_mcd:171) INFO: GTSINGER_CHINESE_Alto1_Mixed_Voice_and_Falsetto_可惜没如果_ControlGroup_0003 6.6657
2025-01-15 16:51:16,712 (evaluate_mcd:171) INFO: GTSINGER_CHINESE_Alto1_Breathy_默_ControlGroup_0006 6.3435
2025-01-15 16:51:17,063 (evaluate_mcd:171) INFO: GTSINGER_CHINESE_Alto1_Breathy_默_BreathyGroup_0003 6.2133
2025-01-15 16:51:17,067 (evaluate_mcd:171) INFO: GTSINGER_CHINESE_Tenor1_Mixed_Voice_and_Falsetto_菊花台_ControlGroup_0011 7.0907
2025-01-15 16:51:17,608 (evaluate_mcd:171) INFO: GTSINGER_CHINESE_Alto1_Breathy_匆匆那年_ControlGroup_0004 8.4243
2025-01-15 16:51:19,375 (evaluate_mcd:171) INFO: GTSINGER_CHINESE_Alto1_Mixed_Voice_and_Falsetto_可惜没如果_ControlGroup_0004 7.3626
2025-01-15 16:51:20,576 (evaluate_mcd:171) INFO: GTSINGER_CHINESE_Alto1_Glissando_可惜没如果_ControlGroup_0000 7.3136
2025-01-15 16:51:20,591 (evaluate_mcd:171) INFO: GTSINGER_CHINESE_Alto1_Breathy_匆匆那年_BreathyGroup_0007 7.0003
2025-01-15 16:51:20,889 (evaluate_mcd:171) INFO: GTSINGER_CHINESE_Tenor1_Breathy_默_ControlGroup_0000 5.9930
2025-01-15 16:51:22,361 (evaluate_mcd:171) INFO: GTSINGER_CHINESE_Alto1_Breathy_匆匆那年_ControlGroup_0005 7.1043
2025-01-15 16:51:22,852 (evaluate_mcd:171) INFO: GTSINGER_CHINESE_Alto1_Breathy_默_BreathyGroup_0004 7.1887
2025-01-15 16:51:23,585 (evaluate_mcd:171) INFO: GTSINGER_CHINESE_Alto1_Glissando_可惜没如果_ControlGroup_0001 7.2869
2025-01-15 16:51:26,492 (evaluate_mcd:171) INFO: GTSINGER_CHINESE_Alto1_Breathy_匆匆那年_BreathyGroup_0008 6.9155
2025-01-15 16:51:26,793 (evaluate_mcd:171) INFO: GTSINGER_CHINESE_Alto1_Breathy_匆匆那年_ControlGroup_0006 7.6945
2025-01-15 16:51:28,416 (evaluate_mcd:171) INFO: GTSINGER_CHINESE_Alto1_Breathy_默_BreathyGroup_0005 6.4918
2025-01-15 16:51:31,869 (evaluate_mcd:171) INFO: GTSINGER_CHINESE_Alto1_Breathy_匆匆那年_BreathyGroup_0009 7.1999
2025-01-15 16:51:32,339 (evaluate_mcd:171) INFO: GTSINGER_CHINESE_Alto1_Breathy_匆匆那年_ControlGroup_0007 6.7700
2025-01-15 16:51:32,368 (evaluate_mcd:310) INFO: Average: 7.1876 ± 0.8785
2025-01-15 16:51:32,378 (evaluate_mcd:327) INFO: Successfully finished MCD evaluation.
2025-01-15T16:51:32 (svs.sh:1088:main) Begin Scoring for F0 related metrics on eval, results are written under exp/svs_train_raw_phn_None_zh/decode_latest/eval/F0_res
2025-01-15 16:51:34,009 (evaluate_f0:298) INFO: The number of utterances = 148
2025-01-15 16:51:42,075 (evaluate_f0:170) INFO: GTSINGER_CHINESE_Alto1_Vibrato_画心_ControlGroup_0009 0.2097
2025-01-15 16:51:42,236 (evaluate_f0:170) INFO: GTSINGER_CHINESE_Alto1_Mixed_Voice_and_Falsetto_可惜没如果_ControlGroup_0005 0.1125
2025-01-15 16:51:43,014 (evaluate_f0:170) INFO: GTSINGER_CHINESE_Alto1_Mixed_Voice_and_Falsetto_画心_ControlGroup_0002 0.2205
2025-01-15 16:51:43,240 (evaluate_f0:170) INFO: GTSINGER_CHINESE_Tenor1_Glissando_画心_ControlGroup_0008 0.1426
2025-01-15 16:51:43,710 (evaluate_f0:170) INFO: GTSINGER_CHINESE_Alto1_Vibrato_画心_ControlGroup_0000 0.1412
2025-01-15 16:51:43,755 (evaluate_f0:170) INFO: GTSINGER_CHINESE_Alto1_Mixed_Voice_and_Falsetto_画心_ControlGroup_0011 0.1568
2025-01-15 16:51:43,773 (evaluate_f0:170) INFO: GTSINGER_CHINESE_Tenor1_Mixed_Voice_and_Falsetto_菊花台_ControlGroup_0003 0.0861
2025-01-15 16:51:45,291 (evaluate_f0:170) INFO: GTSINGER_CHINESE_Alto1_Vibrato_菊花台_ControlGroup_0006 0.0778
2025-01-15 16:51:45,690 (evaluate_f0:170) INFO: GTSINGER_CHINESE_Alto1_Glissando_可惜没如果_ControlGroup_0011 0.1242
2025-01-15 16:51:47,280 (evaluate_f0:170) INFO: GTSINGER_CHINESE_Alto1_Glissando_可惜没如果_ControlGroup_0002 0.1909
2025-01-15 16:51:47,291 (evaluate_f0:170) INFO: GTSINGER_CHINESE_Alto1_Mixed_Voice_and_Falsetto_匆匆那年_ControlGroup_0008 0.2418
2025-01-15 16:51:48,632 (evaluate_f0:170) INFO: GTSINGER_CHINESE_Alto1_Breathy_默_BreathyGroup_0006 0.1339
2025-01-15 16:51:49,300 (evaluate_f0:170) INFO: GTSINGER_CHINESE_Tenor1_Breathy_默_ControlGroup_0001 0.0890
2025-01-15 16:51:49,840 (evaluate_f0:170) INFO: GTSINGER_CHINESE_Alto1_Breathy_匆匆那年_BreathyGroup_0010 0.1657
2025-01-15 16:51:50,242 (evaluate_f0:170) INFO: GTSINGER_CHINESE_Alto1_Breathy_匆匆那年_ControlGroup_0008 0.1308
2025-01-15 16:51:50,578 (evaluate_f0:170) INFO: GTSINGER_CHINESE_Alto1_Mixed_Voice_and_Falsetto_可惜没如果_ControlGroup_0006 0.1471
2025-01-15 16:51:51,469 (evaluate_f0:170) INFO: GTSINGER_CHINESE_Alto1_Vibrato_画心_ControlGroup_0010 0.1067
2025-01-15 16:51:51,491 (evaluate_f0:170) INFO: GTSINGER_CHINESE_Alto1_Breathy_匆匆那年_BreathyGroup_0000 0.2137
2025-01-15 16:51:51,562 (evaluate_f0:170) INFO: GTSINGER_CHINESE_Tenor1_Mixed_Voice_and_Falsetto_菊花台_ControlGroup_0004 0.0834
2025-01-15 16:51:51,928 (evaluate_f0:170) INFO: GTSINGER_CHINESE_Tenor1_Glissando_画心_ControlGroup_0009 0.1269
2025-01-15 16:51:51,966 (evaluate_f0:170) INFO: GTSINGER_CHINESE_Alto1_Mixed_Voice_and_Falsetto_画心_ControlGroup_0003 0.1990
2025-01-15 16:51:52,756 (evaluate_f0:170) INFO: GTSINGER_CHINESE_Alto1_Mixed_Voice_and_Falsetto_菊花台_ControlGroup_0000 0.0953
2025-01-15 16:51:53,250 (evaluate_f0:170) INFO: GTSINGER_CHINESE_Alto1_Vibrato_画心_ControlGroup_0001 0.1027
2025-01-15 16:51:53,476 (evaluate_f0:170) INFO: GTSINGER_CHINESE_Alto1_Vibrato_菊花台_ControlGroup_0007 0.1015
2025-01-15 16:51:56,281 (evaluate_f0:170) INFO: GTSINGER_CHINESE_Alto1_Glissando_可惜没如果_ControlGroup_0003 0.1769
2025-01-15 16:51:59,500 (evaluate_f0:170) INFO: GTSINGER_CHINESE_Tenor1_Mixed_Voice_and_Falsetto_菊花台_ControlGroup_0005 0.1887
2025-01-15 16:51:59,691 (evaluate_f0:170) INFO: GTSINGER_CHINESE_Alto1_Mixed_Voice_and_Falsetto_可惜没如果_ControlGroup_0007 0.1559
2025-01-15 16:51:59,895 (evaluate_f0:170) INFO: GTSINGER_CHINESE_Alto1_Vibrato_画心_ControlGroup_0011 0.1144
2025-01-15 16:52:00,365 (evaluate_f0:170) INFO: GTSINGER_CHINESE_Tenor1_Glissando_画心_ControlGroup_0010 0.1942
2025-01-15 16:52:00,546 (evaluate_f0:170) INFO: GTSINGER_CHINESE_Alto1_Mixed_Voice_and_Falsetto_画心_ControlGroup_0004 0.1521
2025-01-15 16:52:01,100 (evaluate_f0:170) INFO: GTSINGER_CHINESE_Tenor1_Glissando_画心_ControlGroup_0000 0.0924
2025-01-15 16:52:01,695 (evaluate_f0:170) INFO: GTSINGER_CHINESE_Alto1_Mixed_Voice_and_Falsetto_匆匆那年_ControlGroup_0000 0.1948
2025-01-15 16:52:01,794 (evaluate_f0:170) INFO: GTSINGER_CHINESE_Alto1_Mixed_Voice_and_Falsetto_菊花台_ControlGroup_0001 0.0678
2025-01-15 16:52:02,905 (evaluate_f0:170) INFO: GTSINGER_CHINESE_Alto1_Mixed_Voice_and_Falsetto_匆匆那年_ControlGroup_0009 0.1012
2025-01-15 16:52:03,651 (evaluate_f0:170) INFO: GTSINGER_CHINESE_Alto1_Breathy_默_ControlGroup_0000 0.1628
2025-01-15 16:52:04,589 (evaluate_f0:170) INFO: GTSINGER_CHINESE_Alto1_Breathy_匆匆那年_BreathyGroup_0011 0.1955
2025-01-15 16:52:04,833 (evaluate_f0:170) INFO: GTSINGER_CHINESE_Alto1_Vibrato_画心_ControlGroup_0002 0.2192
2025-01-15 16:52:05,038 (evaluate_f0:170) INFO: GTSINGER_CHINESE_Alto1_Breathy_匆匆那年_ControlGroup_0009 0.2495
2025-01-15 16:52:05,993 (evaluate_f0:170) INFO: GTSINGER_CHINESE_Alto1_Vibrato_菊花台_ControlGroup_0008 0.1245
2025-01-15 16:52:06,334 (evaluate_f0:170) INFO: GTSINGER_CHINESE_Alto1_Breathy_匆匆那年_BreathyGroup_0001 0.1401
2025-01-15 16:52:08,268 (evaluate_f0:170) INFO: GTSINGER_CHINESE_Alto1_Mixed_Voice_and_Falsetto_可惜没如果_ControlGroup_0008 0.1789
2025-01-15 16:52:09,760 (evaluate_f0:170) INFO: GTSINGER_CHINESE_Tenor1_Glissando_画心_ControlGroup_0001 0.0861
2025-01-15 16:52:09,858 (evaluate_f0:170) INFO: GTSINGER_CHINESE_Alto1_Mixed_Voice_and_Falsetto_画心_ControlGroup_0005 0.1210
2025-01-15 16:52:10,232 (evaluate_f0:170) INFO: GTSINGER_CHINESE_Alto1_Vibrato_菊花台_ControlGroup_0000 0.1278
2025-01-15 16:52:11,553 (evaluate_f0:170) INFO: GTSINGER_CHINESE_Alto1_Glissando_可惜没如果_ControlGroup_0004 0.1811
2025-01-15 16:52:13,348 (evaluate_f0:170) INFO: GTSINGER_CHINESE_Alto1_Pharyngeal_默_ControlGroup_0000 0.1674
2025-01-15 16:52:14,917 (evaluate_f0:170) INFO: GTSINGER_CHINESE_Tenor1_Mixed_Voice_and_Falsetto_可惜没如果_ControlGroup_0000 0.0739
2025-01-15 16:52:15,707 (evaluate_f0:170) INFO: GTSINGER_CHINESE_Alto1_Vibrato_画心_ControlGroup_0003 0.1421
2025-01-15 16:52:16,162 (evaluate_f0:170) INFO: GTSINGER_CHINESE_Tenor1_Mixed_Voice_and_Falsetto_菊花台_ControlGroup_0006 0.0896
2025-01-15 16:52:16,260 (evaluate_f0:170) INFO: GTSINGER_CHINESE_Alto1_Breathy_默_ControlGroup_0001 0.0799
2025-01-15 16:52:16,393 (evaluate_f0:170) INFO: GTSINGER_CHINESE_Alto1_Mixed_Voice_and_Falsetto_可惜没如果_ControlGroup_0009 0.1422
2025-01-15 16:52:16,573 (evaluate_f0:170) INFO: GTSINGER_CHINESE_Alto1_Mixed_Voice_and_Falsetto_匆匆那年_ControlGroup_0001 0.1669
2025-01-15 16:52:17,731 (evaluate_f0:170) INFO: GTSINGER_CHINESE_Tenor1_Glissando_画心_ControlGroup_0002 0.0946
2025-01-15 16:52:18,174 (evaluate_f0:170) INFO: GTSINGER_CHINESE_Alto1_Mixed_Voice_and_Falsetto_匆匆那年_ControlGroup_0010 0.1112
2025-01-15 16:52:18,862 (evaluate_f0:170) INFO: GTSINGER_CHINESE_Alto1_Vibrato_菊花台_ControlGroup_0009 0.1453
2025-01-15 16:52:19,214 (evaluate_f0:170) INFO: GTSINGER_CHINESE_Alto1_Mixed_Voice_and_Falsetto_画心_ControlGroup_0006 0.1202
2025-01-15 16:52:20,272 (evaluate_f0:170) INFO: GTSINGER_CHINESE_Alto1_Vibrato_菊花台_ControlGroup_0001 0.1450
2025-01-15 16:52:20,712 (evaluate_f0:170) INFO: GTSINGER_CHINESE_Alto1_Glissando_可惜没如果_ControlGroup_0005 0.1467
2025-01-15 16:52:20,831 (evaluate_f0:170) INFO: GTSINGER_CHINESE_Alto1_Breathy_匆匆那年_ControlGroup_0010 0.1827
2025-01-15 16:52:21,588 (evaluate_f0:170) INFO: GTSINGER_CHINESE_Alto1_Breathy_匆匆那年_ControlGroup_0000 0.1558
2025-01-15 16:52:22,368 (evaluate_f0:170) INFO: GTSINGER_CHINESE_Alto1_Breathy_匆匆那年_BreathyGroup_0002 0.2281
2025-01-15 16:52:23,063 (evaluate_f0:170) INFO: GTSINGER_CHINESE_Tenor1_Mixed_Voice_and_Falsetto_可惜没如果_ControlGroup_0001 0.1020
2025-01-15 16:52:23,839 (evaluate_f0:170) INFO: GTSINGER_CHINESE_Alto1_Pharyngeal_默_ControlGroup_0001 0.2524
2025-01-15 16:52:23,911 (evaluate_f0:170) INFO: GTSINGER_CHINESE_Alto1_Mixed_Voice_and_Falsetto_匆匆那年_ControlGroup_0002 0.1612
2025-01-15 16:52:24,584 (evaluate_f0:170) INFO: GTSINGER_CHINESE_Alto1_Mixed_Voice_and_Falsetto_可惜没如果_ControlGroup_0010 0.2387
2025-01-15 16:52:24,747 (evaluate_f0:170) INFO: GTSINGER_CHINESE_Alto1_Vibrato_画心_ControlGroup_0004 0.1241
2025-01-15 16:52:25,629 (evaluate_f0:170) INFO: GTSINGER_CHINESE_Alto1_Breathy_默_ControlGroup_0002 0.2466
2025-01-15 16:52:25,878 (evaluate_f0:170) INFO: GTSINGER_CHINESE_Tenor1_Mixed_Voice_and_Falsetto_菊花台_ControlGroup_0007 0.2231
2025-01-15 16:52:25,994 (evaluate_f0:170) INFO: GTSINGER_CHINESE_Tenor1_Glissando_画心_ControlGroup_0003 0.0967
2025-01-15 16:52:28,494 (evaluate_f0:170) INFO: GTSINGER_CHINESE_Alto1_Vibrato_菊花台_ControlGroup_0010 0.0961
2025-01-15 16:52:28,553 (evaluate_f0:170) INFO: GTSINGER_CHINESE_Alto1_Mixed_Voice_and_Falsetto_画心_ControlGroup_0007 0.1611
2025-01-15 16:52:29,281 (evaluate_f0:170) INFO: GTSINGER_CHINESE_Alto1_Vibrato_菊花台_ControlGroup_0002 0.1095
2025-01-15 16:52:29,940 (evaluate_f0:170) INFO: GTSINGER_CHINESE_Alto1_Glissando_可惜没如果_ControlGroup_0006 0.1438
2025-01-15 16:52:31,179 (evaluate_f0:170) INFO: GTSINGER_CHINESE_Alto1_Mixed_Voice_and_Falsetto_匆匆那年_ControlGroup_0003 0.0854
2025-01-15 16:52:33,500 (evaluate_f0:170) INFO: GTSINGER_CHINESE_Alto1_Mixed_Voice_and_Falsetto_匆匆那年_ControlGroup_0011 0.1127
2025-01-15 16:52:33,739 (evaluate_f0:170) INFO: GTSINGER_CHINESE_Alto1_Mixed_Voice_and_Falsetto_可惜没如果_ControlGroup_0011 0.1850
2025-01-15 16:52:34,678 (evaluate_f0:170) INFO: GTSINGER_CHINESE_Tenor1_Glissando_画心_ControlGroup_0004 0.1489
2025-01-15 16:52:35,042 (evaluate_f0:170) INFO: GTSINGER_CHINESE_Alto1_Pharyngeal_默_ControlGroup_0002 0.1268
2025-01-15 16:52:35,203 (evaluate_f0:170) INFO: GTSINGER_CHINESE_Alto1_Breathy_匆匆那年_ControlGroup_0011 0.1507
2025-01-15 16:52:35,212 (evaluate_f0:170) INFO: GTSINGER_CHINESE_Alto1_Breathy_默_ControlGroup_0003 0.0960
2025-01-15 16:52:36,155 (evaluate_f0:170) INFO: GTSINGER_CHINESE_Tenor1_Mixed_Voice_and_Falsetto_菊花台_ControlGroup_0008 0.0898
2025-01-15 16:52:36,336 (evaluate_f0:170) INFO: GTSINGER_CHINESE_Alto1_Vibrato_画心_ControlGroup_0005 0.2459
2025-01-15 16:52:36,506 (evaluate_f0:170) INFO: GTSINGER_CHINESE_Alto1_Breathy_匆匆那年_ControlGroup_0001 0.1232
2025-01-15 16:52:38,246 (evaluate_f0:170) INFO: GTSINGER_CHINESE_Alto1_Mixed_Voice_and_Falsetto_匆匆那年_ControlGroup_0004 0.1139
2025-01-15 16:52:38,672 (evaluate_f0:170) INFO: GTSINGER_CHINESE_Alto1_Mixed_Voice_and_Falsetto_画心_ControlGroup_0008 0.3024
2025-01-15 16:52:39,042 (evaluate_f0:170) INFO: GTSINGER_CHINESE_Alto1_Vibrato_菊花台_ControlGroup_0003 0.1361
2025-01-15 16:52:41,333 (evaluate_f0:170) INFO: GTSINGER_CHINESE_Alto1_Glissando_可惜没如果_ControlGroup_0007 0.2140
2025-01-15 16:52:42,126 (evaluate_f0:170) INFO: GTSINGER_CHINESE_Tenor1_Mixed_Voice_and_Falsetto_可惜没如果_ControlGroup_0002 0.1066
2025-01-15 16:52:42,323 (evaluate_f0:170) INFO: GTSINGER_CHINESE_Alto1_Mixed_Voice_and_Falsetto_可惜没如果_ControlGroup_0000 0.1751
2025-01-15 16:52:42,425 (evaluate_f0:170) INFO: GTSINGER_CHINESE_Alto1_Mixed_Voice_and_Falsetto_画心_ControlGroup_0000 0.0930
2025-01-15 16:52:43,154 (evaluate_f0:170) INFO: GTSINGER_CHINESE_Tenor1_Glissando_画心_ControlGroup_0005 0.0742
2025-01-15 16:52:43,216 (evaluate_f0:170) INFO: GTSINGER_CHINESE_Alto1_Vibrato_菊花台_ControlGroup_0011 0.1147
2025-01-15 16:52:45,194 (evaluate_f0:170) INFO: GTSINGER_CHINESE_Alto1_Breathy_匆匆那年_BreathyGroup_0003 0.2259
2025-01-15 16:52:46,657 (evaluate_f0:170) INFO: GTSINGER_CHINESE_Alto1_Pharyngeal_默_ControlGroup_0003 0.1400
2025-01-15 16:52:47,831 (evaluate_f0:170) INFO: GTSINGER_CHINESE_Alto1_Mixed_Voice_and_Falsetto_画心_ControlGroup_0009 0.2694
2025-01-15 16:52:47,876 (evaluate_f0:170) INFO: GTSINGER_CHINESE_Alto1_Vibrato_画心_ControlGroup_0006 0.1266
2025-01-15 16:52:48,832 (evaluate_f0:170) INFO: GTSINGER_CHINESE_Alto1_Vibrato_菊花台_ControlGroup_0004 0.1735
2025-01-15 16:52:49,687 (evaluate_f0:170) INFO: GTSINGER_CHINESE_Tenor1_Mixed_Voice_and_Falsetto_菊花台_ControlGroup_0000 0.0776
2025-01-15 16:52:50,422 (evaluate_f0:170) INFO: GTSINGER_CHINESE_Alto1_Glissando_可惜没如果_ControlGroup_0008 0.0875
2025-01-15 16:52:50,906 (evaluate_f0:170) INFO: GTSINGER_CHINESE_Alto1_Breathy_默_ControlGroup_0004 0.1342
2025-01-15 16:52:51,593 (evaluate_f0:170) INFO: GTSINGER_CHINESE_Alto1_Breathy_默_BreathyGroup_0000 0.2148
2025-01-15 16:52:51,926 (evaluate_f0:170) INFO: GTSINGER_CHINESE_Alto1_Mixed_Voice_and_Falsetto_画心_ControlGroup_0001 0.1236
2025-01-15 16:52:52,426 (evaluate_f0:170) INFO: GTSINGER_CHINESE_Alto1_Mixed_Voice_and_Falsetto_匆匆那年_ControlGroup_0005 0.1441
2025-01-15 16:52:52,792 (evaluate_f0:170) INFO: GTSINGER_CHINESE_Alto1_Breathy_匆匆那年_ControlGroup_0002 0.1473
2025-01-15 16:52:53,239 (evaluate_f0:170) INFO: GTSINGER_CHINESE_Alto1_Breathy_匆匆那年_BreathyGroup_0004 0.2572
2025-01-15 16:52:55,379 (evaluate_f0:170) INFO: GTSINGER_CHINESE_Tenor1_Mixed_Voice_and_Falsetto_菊花台_ControlGroup_0009 0.0966
2025-01-15 16:52:56,437 (evaluate_f0:170) INFO: GTSINGER_CHINESE_Alto1_Pharyngeal_默_ControlGroup_0004 0.2972
2025-01-15 16:52:56,561 (evaluate_f0:170) INFO: GTSINGER_CHINESE_Alto1_Mixed_Voice_and_Falsetto_画心_ControlGroup_0010 0.0989
2025-01-15 16:52:56,716 (evaluate_f0:170) INFO: GTSINGER_CHINESE_Alto1_Mixed_Voice_and_Falsetto_可惜没如果_ControlGroup_0001 0.1857
2025-01-15 16:52:57,490 (evaluate_f0:170) INFO: GTSINGER_CHINESE_Tenor1_Mixed_Voice_and_Falsetto_菊花台_ControlGroup_0001 0.0830
2025-01-15 16:52:58,129 (evaluate_f0:170) INFO: GTSINGER_CHINESE_Alto1_Vibrato_菊花台_ControlGroup_0005 0.1092
2025-01-15 16:52:58,532 (evaluate_f0:170) INFO: GTSINGER_CHINESE_Tenor1_Glissando_画心_ControlGroup_0006 0.1634
2025-01-15 16:52:58,561 (evaluate_f0:170) INFO: GTSINGER_CHINESE_Tenor1_Breathy_默_BreathyGroup_0000 0.1037
2025-01-15 16:52:58,965 (evaluate_f0:170) INFO: GTSINGER_CHINESE_Alto1_Vibrato_画心_ControlGroup_0007 0.1387
2025-01-15 16:52:59,558 (evaluate_f0:170) INFO: GTSINGER_CHINESE_Alto1_Glissando_可惜没如果_ControlGroup_0009 0.1014
2025-01-15 16:53:00,664 (evaluate_f0:170) INFO: GTSINGER_CHINESE_Alto1_Mixed_Voice_and_Falsetto_匆匆那年_ControlGroup_0006 0.2036
2025-01-15 16:53:04,634 (evaluate_f0:170) INFO: GTSINGER_CHINESE_Alto1_Breathy_默_BreathyGroup_0001 0.2554
2025-01-15 16:53:05,136 (evaluate_f0:170) INFO: GTSINGER_CHINESE_Tenor1_Mixed_Voice_and_Falsetto_菊花台_ControlGroup_0002 0.1031
2025-01-15 16:53:05,947 (evaluate_f0:170) INFO: GTSINGER_CHINESE_Alto1_Mixed_Voice_and_Falsetto_可惜没如果_ControlGroup_0002 0.1538
2025-01-15 16:53:06,454 (evaluate_f0:170) INFO: GTSINGER_CHINESE_Alto1_Breathy_默_ControlGroup_0005 0.1787
2025-01-15 16:53:06,619 (evaluate_f0:170) INFO: GTSINGER_CHINESE_Alto1_Breathy_匆匆那年_BreathyGroup_0005 0.2054
2025-01-15 16:53:07,052 (evaluate_f0:170) INFO: GTSINGER_CHINESE_Tenor1_Glissando_画心_ControlGroup_0007 0.2433
2025-01-15 16:53:08,006 (evaluate_f0:170) INFO: GTSINGER_CHINESE_Alto1_Pharyngeal_默_ControlGroup_0005 0.1263
2025-01-15 16:53:08,114 (evaluate_f0:170) INFO: GTSINGER_CHINESE_Tenor1_Mixed_Voice_and_Falsetto_菊花台_ControlGroup_0010 0.1655
2025-01-15 16:53:08,455 (evaluate_f0:170) INFO: GTSINGER_CHINESE_Alto1_Vibrato_画心_ControlGroup_0008 0.1980
2025-01-15 16:53:08,870 (evaluate_f0:170) INFO: GTSINGER_CHINESE_Alto1_Glissando_可惜没如果_ControlGroup_0010 0.0674
2025-01-15 16:53:12,919 (evaluate_f0:170) INFO: GTSINGER_CHINESE_Tenor1_Breathy_默_BreathyGroup_0001 0.2379
2025-01-15 16:53:12,926 (evaluate_f0:170) INFO: GTSINGER_CHINESE_Alto1_Breathy_匆匆那年_ControlGroup_0003 0.1480
2025-01-15 16:53:13,332 (evaluate_f0:170) INFO: GTSINGER_CHINESE_Alto1_Mixed_Voice_and_Falsetto_匆匆那年_ControlGroup_0007 0.1452
2025-01-15 16:53:13,413 (evaluate_f0:170) INFO: GTSINGER_CHINESE_Alto1_Breathy_默_BreathyGroup_0002 0.0790
2025-01-15 16:53:13,808 (evaluate_f0:170) INFO: GTSINGER_CHINESE_Alto1_Mixed_Voice_and_Falsetto_可惜没如果_ControlGroup_0003 0.0952
2025-01-15 16:53:16,238 (evaluate_f0:170) INFO: GTSINGER_CHINESE_Tenor1_Mixed_Voice_and_Falsetto_菊花台_ControlGroup_0011 0.0794
2025-01-15 16:53:19,608 (evaluate_f0:170) INFO: GTSINGER_CHINESE_Alto1_Breathy_匆匆那年_BreathyGroup_0006 0.2172
2025-01-15 16:53:19,852 (evaluate_f0:170) INFO: GTSINGER_CHINESE_Alto1_Breathy_默_ControlGroup_0006 0.1709
2025-01-15 16:53:20,686 (evaluate_f0:170) INFO: GTSINGER_CHINESE_Alto1_Breathy_匆匆那年_ControlGroup_0004 0.1263
2025-01-15 16:53:22,473 (evaluate_f0:170) INFO: GTSINGER_CHINESE_Alto1_Breathy_默_BreathyGroup_0003 0.1898
2025-01-15 16:53:22,773 (evaluate_f0:170) INFO: GTSINGER_CHINESE_Alto1_Mixed_Voice_and_Falsetto_可惜没如果_ControlGroup_0004 0.0848
2025-01-15 16:53:27,498 (evaluate_f0:170) INFO: GTSINGER_CHINESE_Tenor1_Breathy_默_ControlGroup_0000 0.1088
2025-01-15 16:53:29,222 (evaluate_f0:170) INFO: GTSINGER_CHINESE_Alto1_Glissando_可惜没如果_ControlGroup_0000 0.0776
2025-01-15 16:53:32,766 (evaluate_f0:170) INFO: GTSINGER_CHINESE_Alto1_Breathy_匆匆那年_ControlGroup_0005 0.1439
2025-01-15 16:53:35,302 (evaluate_f0:170) INFO: GTSINGER_CHINESE_Alto1_Breathy_匆匆那年_BreathyGroup_0007 0.2183
2025-01-15 16:53:36,897 (evaluate_f0:170) INFO: GTSINGER_CHINESE_Alto1_Glissando_可惜没如果_ControlGroup_0001 0.1307
2025-01-15 16:53:37,721 (evaluate_f0:170) INFO: GTSINGER_CHINESE_Alto1_Breathy_默_BreathyGroup_0004 0.1865
2025-01-15 16:53:44,287 (evaluate_f0:170) INFO: GTSINGER_CHINESE_Alto1_Breathy_匆匆那年_ControlGroup_0006 0.2018
2025-01-15 16:53:50,707 (evaluate_f0:170) INFO: GTSINGER_CHINESE_Alto1_Breathy_匆匆那年_BreathyGroup_0008 0.1112
2025-01-15 16:53:52,145 (evaluate_f0:170) INFO: GTSINGER_CHINESE_Alto1_Breathy_默_BreathyGroup_0005 0.1776
2025-01-15 16:53:59,390 (evaluate_f0:170) INFO: GTSINGER_CHINESE_Alto1_Breathy_匆匆那年_ControlGroup_0007 0.1522
2025-01-15 16:54:03,857 (evaluate_f0:170) INFO: GTSINGER_CHINESE_Alto1_Breathy_匆匆那年_BreathyGroup_0009 0.1422
2025-01-15 16:54:03,893 (evaluate_f0:323) INFO: Average: 0.1493 ± 0.0528
2025-01-15 16:54:03,902 (evaluate_f0:340) INFO: Successfully finished log-F0 RMSE evaluation.
2025-01-15T16:54:04 (svs.sh:1097:main) Begin Scoring for SEMITONE related metrics on eval, results are written under exp/svs_train_raw_phn_None_zh/decode_latest/eval/SEMITONE_res
2025-01-15 16:54:05,577 (evaluate_semitone:311) INFO: The number of utterances = 148
2025-01-15 16:56:34,078 (evaluate_semitone:335) INFO: Average - Semitone_ACC: 46.02%
2025-01-15 16:56:34,089 (evaluate_semitone:352) INFO: Successfully finished semitone ACC evaluation.
2025-01-15T16:56:34 (svs.sh:1106:main) Begin Scoring for VUV related metrics on eval, results are written under exp/svs_train_raw_phn_None_zh/decode_latest/eval/VUV_res
2025-01-15 16:56:35,921 (evaluate_vuv:302) INFO: The number of utterances = 148
2025-01-15 16:59:05,723 (evaluate_vuv:324) INFO: Average - VUV_ERROR: 4.76%
2025-01-15 16:59:05,732 (evaluate_vuv:341) INFO: Successfully finished VUV error evaluation.
2025-01-15T16:59:05 (svs.sh:1159:main) Skip the packing stage
2025-01-15T16:59:05 (svs.sh:1216:main) Skip the uploading to HuggingFace stage
2025-01-15T16:59:05 (svs.sh:1219:main) Successfully finished. [elapsed=1156s]
