###################################################
### Scoring chime6 Scenario ###########################
###################################################
100%|██████████| 2/2 [03:14<00:00, 97.22s/it]
+----+--------------+------------+---------------+---------------+----------------------+----------------------+--------------------+---------+-----------+-------------+---------------+--------------------------+-----------------+-----------------+----------------------+--------+-----------------+-------------+--------------+----------+
|    | session id   | scenario   |   num spk hyp |   num spk ref |   tot utterances hyp |   tot utterances ref |   missed detection |   total |   correct |   confusion |   false alarm |   diarization error rate |   speaker error |   speaker count |   Jaccard error rate |   hits |   substitutions |   deletions |   insertions |      wer |
|----+--------------+------------+---------------+---------------+----------------------+----------------------+--------------------+---------+-----------+-------------+---------------+--------------------------+-----------------+-----------------+----------------------+--------+-----------------+-------------+--------------+----------|
|  0 | S02          | chime6     |             4 |             4 |                 2417 |                 3275 |            2025.05 | 9099.28 |   6138.45 |      935.78 |        263.06 |                 0.354302 |         1.65429 |               4 |             0.413572 |  19693 |            7709 |        9042 |         2267 | 0.521842 |
|  1 | S09          | chime6     |             4 |             4 |                  904 |                 3368 |             996.75 | 4429.49 |   2406.33 |     1026.41 |        161.38 |                 0.493181 |         2.44092 |               4 |             0.610231 |   7456 |            4121 |       10860 |         2746 | 0.790079 |
+----+--------------+------------+---------------+---------------+----------------------+----------------------+--------------------+---------+-----------+-------------+---------------+--------------------------+-----------------+-----------------+----------------------+--------+-----------------+-------------+--------------+----------+
###################################################
### Scoring dipco Scenario ###########################
###################################################
100%|██████████| 5/5 [00:33<00:00,  6.65s/it]
+----+--------------+------------+---------------+---------------+----------------------+----------------------+--------------------+---------+-----------+-------------+---------------+--------------------------+-----------------+-----------------+----------------------+--------+-----------------+-------------+--------------+----------+
|    | session id   | scenario   |   num spk hyp |   num spk ref |   tot utterances hyp |   tot utterances ref |   missed detection |   total |   correct |   confusion |   false alarm |   diarization error rate |   speaker error |   speaker count |   Jaccard error rate |   hits |   substitutions |   deletions |   insertions |      wer |
|----+--------------+------------+---------------+---------------+----------------------+----------------------+--------------------+---------+-----------+-------------+---------------+--------------------------+-----------------+-----------------+----------------------+--------+-----------------+-------------+--------------+----------|
|  0 | S34          | dipco      |             4 |             4 |                  268 |                  432 |              85.74 | 1018.01 |    832.19 |      100.08 |         26.19 |                 0.208259 |         1.58247 |               4 |             0.395618 |   2665 |             918 |         603 |          341 | 0.444816 |
|  1 | S28          | dipco      |             4 |             4 |                  740 |                 1284 |             362.17 | 2098.55 |   1414.02 |      322.36 |        113.2  |                 0.380134 |         1.77752 |               4 |             0.44438  |   3872 |            2040 |        2288 |         1268 | 0.682439 |
|  2 | S33          | dipco      |             4 |             4 |                  295 |                  499 |             104.39 | 1110.2  |    907.35 |       98.46 |         43.88 |                 0.222239 |         1.43792 |               4 |             0.35948  |   2725 |            1203 |         740 |          279 | 0.476007 |
|  3 | S26          | dipco      |             4 |             4 |                  306 |                  448 |              58.19 | 1305.49 |   1022.24 |      225.06 |        105.6  |                 0.297858 |         1.60647 |               4 |             0.401619 |   2970 |             976 |         922 |          988 | 0.592851 |
|  4 | S29          | dipco      |             4 |             4 |                  642 |                 1010 |             328.94 | 2220.79 |   1628.22 |      263.63 |         76.8  |                 0.301411 |         1.87672 |               4 |             0.46918  |   4382 |            2000 |        1662 |          746 | 0.547986 |
+----+--------------+------------+---------------+---------------+----------------------+----------------------+--------------------+---------+-----------+-------------+---------------+--------------------------+-----------------+-----------------+----------------------+--------+-----------------+-------------+--------------+----------+
###################################################
### Scoring mixer6 Scenario ###########################
###################################################
100%|██████████| 59/59 [00:52<00:00,  1.13it/s]
+----+----------------------------+------------+---------------+---------------+----------------------+----------------------+--------------------+---------+-----------+-------------+---------------+--------------------------+-----------------+-----------------+----------------------+--------+-----------------+-------------+--------------+----------+
|    | session id                 | scenario   |   num spk hyp |   num spk ref |   tot utterances hyp |   tot utterances ref |   missed detection |   total |   correct |   confusion |   false alarm |   diarization error rate |   speaker error |   speaker count |   Jaccard error rate |   hits |   substitutions |   deletions |   insertions |      wer |
|----+----------------------------+------------+---------------+---------------+----------------------+----------------------+--------------------+---------+-----------+-------------+---------------+--------------------------+-----------------+-----------------+----------------------+--------+-----------------+-------------+--------------+----------|
|  0 | 20091106_161134_LDC_120795 | mixer6     |             3 |             2 |                  201 |                  289 |              95.27 |  769.92 |    665.22 |        9.43 |          4.57 |                0.141924  |        0.297183 |               2 |             0.148592 |   2174 |             143 |         179 |          122 | 0.177885 |
|  1 | 20091005_150244_LDC_120534 | mixer6     |             3 |             2 |                  220 |                  302 |             101.79 |  706.16 |    579.65 |       24.72 |         12.36 |                0.196655  |        0.401644 |               2 |             0.200822 |   1843 |             192 |         155 |          110 | 0.208676 |
|  2 | 20090722_154451_LDC_120225 | mixer6     |             3 |             2 |                  172 |                  218 |              96.63 |  851.21 |    748.75 |        5.83 |          6.81 |                0.12837   |        0.287735 |               2 |             0.143867 |   2274 |             213 |         166 |           98 | 0.179796 |
|  3 | 20090729_155715_LDC_120311 | mixer6     |             2 |             2 |                  175 |                  228 |              94.76 |  752.94 |    652.83 |        5.35 |          8.33 |                0.144022  |        0.492379 |               2 |             0.246189 |   1926 |             327 |         197 |          117 | 0.261633 |
|  4 | 20090811_150119_LDC_120354 | mixer6     |             1 |             2 |                   78 |                  163 |              70.79 |  669.23 |    540.18 |       58.26 |          4.11 |                0.198975  |        1.11605  |               2 |             0.558027 |   1562 |              75 |         362 |          306 | 0.371686 |
|  5 | 20091110_141534_LDC_120278 | mixer6     |             2 |             2 |                  191 |                  284 |             105.34 |  810.92 |    698.86 |        6.72 |          3.45 |                0.142443  |        0.370643 |               2 |             0.185322 |   2399 |             268 |         179 |          103 | 0.193254 |
|  6 | 20091002_120908_LDC_120562 | mixer6     |             3 |             2 |                  199 |                  316 |             125.1  |  904.95 |    766.82 |       13.03 |         11.63 |                0.16549   |        0.342739 |               2 |             0.171369 |   2671 |             342 |         170 |          216 | 0.228715 |
|  7 | 20091208_175612_LDC_120788 | mixer6     |             3 |             2 |                  205 |                  323 |             117.2  |  730.84 |    592.03 |       21.61 |         17.11 |                0.213344  |        0.440945 |               2 |             0.220473 |   2158 |             219 |         296 |          102 | 0.230827 |
|  8 | 20090908_150729_LDC_120338 | mixer6     |             2 |             2 |                  181 |                  303 |             125.64 |  634.26 |    502    |        6.62 |          2.56 |                0.212563  |        0.459288 |               2 |             0.229644 |   1794 |             203 |         280 |           86 | 0.24989  |
|  9 | 20090804_165853_LDC_120269 | mixer6     |             3 |             2 |                  167 |                  267 |             126.96 |  710.11 |    566.73 |       16.42 |          8.85 |                0.214375  |        0.566518 |               2 |             0.283259 |   2055 |             154 |         259 |          138 | 0.223258 |
| 10 | 20090805_115917_LDC_120290 | mixer6     |             2 |             2 |                  125 |                  191 |             110.74 |  738.59 |    617.45 |       10.4  |          7.48 |                0.174143  |        0.436742 |               2 |             0.218371 |   1751 |             518 |         220 |          126 | 0.347127 |
| 11 | 20091002_170608_LDC_120488 | mixer6     |             2 |             2 |                  181 |                  256 |             104.5  |  867.69 |    760.96 |        2.23 |         12.97 |                0.137952  |        0.319622 |               2 |             0.159811 |   2606 |             334 |         136 |          127 | 0.194083 |
| 12 | 20090716_155120_LDC_120269 | mixer6     |             2 |             2 |                  116 |                  192 |             140.51 |  774.53 |    623.93 |       10.09 |          6.69 |                0.203078  |        0.753508 |               2 |             0.376754 |   1855 |             309 |         477 |           95 | 0.333586 |
| 13 | 20090714_134807_LDC_120290 | mixer6     |             2 |             2 |                  117 |                  146 |              59.21 |  753.21 |    690.22 |        3.78 |          5.32 |                0.0906918 |        0.300598 |               2 |             0.150299 |   1808 |             353 |         136 |          106 | 0.259034 |
| 14 | 20090826_150144_LDC_120338 | mixer6     |             2 |             2 |                  175 |                  285 |             125.62 |  617.57 |    483.43 |        8.52 |          9.69 |                0.232897  |        0.503222 |               2 |             0.251611 |   1754 |             213 |         271 |           66 | 0.245755 |
| 15 | 20090803_120934_LDC_120271 | mixer6     |             2 |             2 |                  140 |                  222 |              91.57 |  667.93 |    572.61 |        3.75 |          0.92 |                0.144087  |        0.464948 |               2 |             0.232474 |   1901 |             173 |         186 |           93 | 0.2      |
| 16 | 20091006_153417_LDC_120590 | mixer6     |             3 |             2 |                  212 |                  336 |             141.84 |  890.01 |    730.62 |       17.55 |          9.16 |                0.18938   |        0.456849 |               2 |             0.228424 |   2571 |             338 |         247 |          217 | 0.254119 |
| 17 | 20090925_160859_LDC_120503 | mixer6     |             3 |             2 |                  163 |                  246 |             141.05 |  827.78 |    670.37 |       16.36 |          7.83 |                0.199618  |        0.486175 |               2 |             0.243087 |   2533 |             253 |         279 |          148 | 0.22186  |
| 18 | 20091123_150807_LDC_120795 | mixer6     |             2 |             2 |                  171 |                  263 |             103.33 |  633.2  |    524.62 |        5.25 |          2.43 |                0.175316  |        0.389897 |               2 |             0.194949 |   1840 |             113 |         176 |           38 | 0.153593 |
| 19 | 20091027_153531_LDC_120651 | mixer6     |             2 |             2 |                   74 |                  127 |              51.81 |  840.18 |    788.37 |        0    |          3.2  |                0.0654741 |        0.514512 |               2 |             0.257256 |   1768 |             478 |         121 |          152 | 0.317279 |
| 20 | 20090930_165847_LDC_120488 | mixer6     |             3 |             2 |                  191 |                  283 |             111.38 |  900.78 |    770.46 |       18.94 |          9.54 |                0.155265  |        0.442138 |               2 |             0.221069 |   2342 |             469 |         217 |          178 | 0.285337 |
| 21 | 20090723_111806_LDC_120290 | mixer6     |             2 |             2 |                  115 |                  154 |              59.98 |  668.87 |    606.71 |        2.18 |          0.83 |                0.0941738 |        0.299035 |               2 |             0.149517 |   2022 |             167 |         106 |           78 | 0.152941 |
| 22 | 20090915_141204_LDC_120302 | mixer6     |             3 |             2 |                  153 |                  256 |              81.46 |  615.07 |    521.7  |       11.91 |         33.11 |                0.205635  |        0.421674 |               2 |             0.210837 |   1685 |             168 |         176 |          119 | 0.228191 |
| 23 | 20090717_133033_LDC_120311 | mixer6     |             3 |             2 |                  128 |                  192 |              64.3  |  716.17 |    636.06 |       15.81 |          7.59 |                0.122457  |        0.476436 |               2 |             0.238218 |   1538 |             360 |         194 |          199 | 0.359943 |
| 24 | 20091019_164856_LDC_120707 | mixer6     |             2 |             2 |                  223 |                  313 |             119.47 |  722.38 |    597.32 |        5.59 |          5.75 |                0.181082  |        0.395857 |               2 |             0.197929 |   2171 |             233 |         146 |           80 | 0.18     |
| 25 | 20090812_145955_LDC_120271 | mixer6     |             2 |             2 |                  139 |                  224 |              81.86 |  683.19 |    591    |       10.33 |          3.69 |                0.140342  |        0.532159 |               2 |             0.26608  |   1897 |             197 |         174 |           94 | 0.205026 |
| 26 | 20090807_143559_LDC_120338 | mixer6     |             3 |             2 |                  227 |                  334 |             147.47 |  713.68 |    553.01 |       13.2  |         14    |                0.244746  |        0.524149 |               2 |             0.262075 |   2031 |             309 |         273 |          112 | 0.265595 |
| 27 | 20090921_185254_LDC_120562 | mixer6     |             3 |             2 |                  192 |                  322 |             110.41 |  733.57 |    611.04 |       12.12 |          7.48 |                0.177229  |        0.381906 |               2 |             0.190953 |   2109 |             259 |         194 |          153 | 0.236534 |
| 28 | 20091007_114741_LDC_120601 | mixer6     |             2 |             2 |                  177 |                  252 |             104.09 |  896.09 |    788.37 |        3.63 |          5.59 |                0.126449  |        0.323252 |               2 |             0.161626 |   2643 |             191 |         145 |           88 | 0.14233  |
| 29 | 20090901_104119_LDC_120454 | mixer6     |             2 |             2 |                  168 |                  254 |             111.2  |  617.12 |    497.46 |        8.46 |          3.92 |                0.200253  |        0.427007 |               2 |             0.213504 |   1658 |             202 |         194 |           51 | 0.217624 |
| 30 | 20090909_091127_LDC_120454 | mixer6     |             2 |             2 |                  143 |                  209 |              85.69 |  513.95 |    421.87 |        6.39 |          9.53 |                0.197704  |        0.431022 |               2 |             0.215511 |   1516 |             156 |         167 |           59 | 0.207722 |
| 31 | 20090904_090947_LDC_120217 | mixer6     |             3 |             2 |                  160 |                  281 |             104.21 |  724.21 |    587.38 |       32.62 |          6.37 |                0.197733  |        0.445787 |               2 |             0.222893 |   1907 |             194 |         275 |          156 | 0.263047 |
| 32 | 20091211_152444_LDC_120618 | mixer6     |             3 |             2 |                  202 |                  297 |             135.38 |  848.3  |    697.46 |       15.46 |          7.76 |                0.186962  |        0.429643 |               2 |             0.214822 |   2531 |             256 |         226 |          124 | 0.201128 |
| 33 | 20090803_111429_LDC_120225 | mixer6     |             2 |             2 |                  161 |                  235 |              89.32 |  827.4  |    733.16 |        4.92 |          9    |                0.124776  |        0.324522 |               2 |             0.162261 |   2291 |             236 |         157 |          159 | 0.205663 |
| 34 | 20091026_160525_LDC_120718 | mixer6     |             3 |             2 |                  180 |                  236 |             117.33 |  807.89 |    677.97 |       12.59 |          8.12 |                0.170865  |        0.414197 |               2 |             0.207099 |   2394 |             174 |         198 |          129 | 0.181128 |
| 35 | 20090828_090157_LDC_120217 | mixer6     |             2 |             2 |                  188 |                  300 |             131.56 |  819.11 |    683.08 |        4.47 |         11.33 |                0.179903  |        0.45197  |               2 |             0.225985 |   2108 |             182 |         145 |           53 | 0.156057 |
| 36 | 20091104_101455_LDC_120782 | mixer6     |             2 |             2 |                  169 |                  238 |             110.77 |  730.98 |    612.21 |        8    |          3.1  |                0.166721  |        0.404236 |               2 |             0.202118 |   2146 |             158 |         122 |           46 | 0.134378 |
| 37 | 20091208_150037_LDC_120795 | mixer6     |             2 |             2 |                  150 |                  219 |              76.19 |  563.54 |    485.47 |        1.88 |          1.73 |                0.141605  |        0.342642 |               2 |             0.171321 |   1626 |             202 |         137 |           48 | 0.196947 |
| 38 | 20091022_185919_LDC_120718 | mixer6     |             2 |             2 |                  177 |                  265 |             136.52 |  875.13 |    734.04 |        4.57 |          5.49 |                0.167495  |        0.397364 |               2 |             0.198682 |   2605 |             156 |         209 |          101 | 0.156902 |
| 39 | 20090901_144456_LDC_120302 | mixer6     |             2 |             2 |                  119 |                  211 |              65.31 |  532.1  |    457.37 |        9.42 |          5.23 |                0.150273  |        0.344666 |               2 |             0.172333 |   1414 |             166 |         161 |           79 | 0.233199 |
| 40 | 20091012_100152_LDC_120651 | mixer6     |             2 |             2 |                  150 |                  242 |              78.48 |  916.11 |    830.75 |        6.88 |          8.79 |                0.102772  |        0.383838 |               2 |             0.191919 |   2416 |             226 |         151 |          119 | 0.177587 |
| 41 | 20091111_112455_LDC_120707 | mixer6     |             2 |             2 |                  191 |                  245 |             100.34 |  547.7  |    441.6  |        5.76 |          5.56 |                0.203871  |        0.415687 |               2 |             0.207844 |   1532 |             210 |         133 |           78 | 0.224533 |
| 42 | 20091029_175951_LDC_120651 | mixer6     |             4 |             2 |                  166 |                  230 |              99.33 | 1105.42 |    978.87 |       27.22 |          9.22 |                0.122822  |        0.452085 |               2 |             0.226042 |   2429 |             485 |         209 |          175 | 0.278258 |
| 43 | 20090923_175046_LDC_120534 | mixer6     |             2 |             2 |                  184 |                  299 |             110.61 |  667.76 |    549.14 |        8.01 |         17.12 |                0.203277  |        0.479617 |               2 |             0.239809 |   1956 |             140 |         143 |           71 | 0.158106 |
| 44 | 20090914_125705_LDC_120354 | mixer6     |             2 |             2 |                  123 |                  177 |              80.9  |  675.75 |    589.87 |        4.98 |          8.53 |                0.139711  |        0.372631 |               2 |             0.186316 |   2040 |             129 |         149 |          105 | 0.165229 |
| 45 | 20090911_110038_LDC_120454 | mixer6     |             3 |             2 |                  223 |                  361 |             193.05 |  856.67 |    641.21 |       22.41 |          4.71 |                0.257007  |        0.551805 |               2 |             0.275902 |   2385 |             216 |         379 |           92 | 0.230537 |
| 46 | 20090910_090618_LDC_120302 | mixer6     |             3 |             2 |                  135 |                  230 |              84.06 |  552.19 |    461    |        7.13 |          3.72 |                0.171879  |        0.418245 |               2 |             0.209122 |   1601 |             116 |         135 |           59 | 0.167387 |
| 47 | 20090918_165654_LDC_120488 | mixer6     |             3 |             2 |                  165 |                  233 |             118.66 |  825.41 |    689.41 |       17.34 |          6.91 |                0.173138  |        0.478226 |               2 |             0.239113 |   2400 |             260 |         256 |          160 | 0.231824 |
| 48 | 20090917_114202_LDC_120503 | mixer6     |             2 |             2 |                  199 |                  289 |             146.39 |  770.31 |    620.32 |        3.6  |          6.45 |                0.203087  |        0.446948 |               2 |             0.223474 |   2319 |             294 |         200 |           87 | 0.206541 |
| 49 | 20090811_170402_LDC_120269 | mixer6     |             2 |             2 |                  206 |                  307 |             124.25 |  721.11 |    586.28 |       10.58 |          9.38 |                0.199983  |        0.515459 |               2 |             0.257729 |   2127 |             265 |         217 |           95 | 0.221158 |
| 50 | 20090826_100144_LDC_120354 | mixer6     |             1 |             2 |                   95 |                  184 |              74.69 |  596.49 |    457.98 |       63.82 |          0.58 |                0.233181  |        1.14468  |               2 |             0.572341 |   1516 |             100 |         511 |          213 | 0.3874   |
| 51 | 20090805_110532_LDC_120225 | mixer6     |             2 |             2 |                  136 |                  198 |              72.58 |  708.58 |    630.41 |        5.59 |          5.29 |                0.117785  |        0.32529  |               2 |             0.162645 |   1909 |             247 |         134 |          120 | 0.218777 |
| 52 | 20091028_131357_LDC_120718 | mixer6     |             2 |             2 |                  162 |                  220 |             102.53 |  808.12 |    703.45 |        2.14 |          1.72 |                0.131651  |        0.389778 |               2 |             0.194889 |   2205 |             199 |         152 |          167 | 0.20266  |
| 53 | 20090717_113617_LDC_120278 | mixer6     |             2 |             2 |                  126 |                  158 |              52.79 |  739.71 |    683.93 |        2.99 |          2.89 |                0.0793149 |        0.238375 |               2 |             0.119188 |   1829 |             223 |         105 |          123 | 0.209087 |
| 54 | 20090722_115429_LDC_120271 | mixer6     |             2 |             2 |                  137 |                  194 |              68.35 |  805.72 |    731.38 |        5.99 |          5.29 |                0.0988309 |        0.428981 |               2 |             0.214491 |   2300 |             142 |         205 |           61 | 0.154137 |
| 55 | 20100127_140351_LDC_120855 | mixer6     |             3 |             2 |                  163 |                  261 |             148.12 |  906.47 |    743.24 |       15.11 |         10.21 |                0.191336  |        0.436375 |               2 |             0.218187 |   2383 |             406 |         290 |          181 | 0.284833 |
| 56 | 20090814_111319_LDC_120278 | mixer6     |             2 |             2 |                  176 |                  287 |              71.37 |  892.5  |    759.66 |       61.47 |         16.09 |                0.166868  |        0.9743   |               2 |             0.48715  |   1933 |             213 |         407 |          287 | 0.355268 |
| 57 | 20091027_190406_LDC_120732 | mixer6     |             3 |             2 |                  217 |                  354 |             146.13 |  801.68 |    644.08 |       11.47 |         12.23 |                0.211843  |        0.43215  |               2 |             0.216075 |   2587 |             209 |         299 |          119 | 0.202585 |
| 58 | 20091022_175644_LDC_120601 | mixer6     |             4 |             2 |                  228 |                  302 |             123.72 |  999.41 |    850.39 |       25.3  |         16.05 |                0.165167  |        0.421376 |               2 |             0.210688 |   2805 |             267 |         249 |          226 | 0.223427 |
+----+----------------------------+------------+---------------+---------------+----------------------+----------------------+--------------------+---------+-----------+-------------+---------------+--------------------------+-----------------+-----------------+----------------------+--------+-----------------+-------------+--------------+----------+
###################################################
### Metrics for all Scenarios ###
###################################################
+----+------------+---------------+---------------+----------------------+----------------------+--------------------+----------+-----------+-------------+---------------+--------------------------+-----------------+-----------------+----------------------+--------+-----------------+-------------+--------------+----------+
|    | scenario   |   num spk hyp |   num spk ref |   tot utterances hyp |   tot utterances ref |   missed detection |    total |   correct |   confusion |   false alarm |   diarization error rate |   speaker error |   speaker count |   Jaccard error rate |   hits |   substitutions |   deletions |   insertions |      wer |
|----+------------+---------------+---------------+----------------------+----------------------+--------------------+----------+-----------+-------------+---------------+--------------------------+-----------------+-----------------+----------------------+--------+-----------------+-------------+--------------+----------|
|  0 | chime6     |             8 |             8 |                 3321 |                 6643 |            3021.8  | 13528.8  |   8544.78 |     1962.19 |        424.44 |                 0.399772 |         4.09521 |               8 |             0.511901 |  27149 |           11830 |       19902 |         5013 | 0.624055 |
|  0 | dipco      |            20 |            20 |                 2251 |                 3673 |             939.43 |  7753.04 |   5804.02 |     1009.59 |        365.67 |                 0.298553 |         8.28111 |              20 |             0.414056 |  16614 |            7137 |        6215 |         3622 | 0.566442 |
|  0 | mixer6     |           141 |           118 |                 9807 |                14803 |            6169.91 | 44557.9  |  37631.8  |      756.2  |        455.37 |                 0.165661 |        26.9167  |             118 |             0.228108 | 122549 |           14000 |       12432 |         7210 | 0.225814 |
+----+------------+---------------+---------------+----------------------+----------------------+--------------------+----------+-----------+-------------+---------------+--------------------------+-----------------+-----------------+----------------------+--------+-----------------+-------------+--------------+----------+
####################################################################
### Macro-Averaged Metrics across all Scenarios (Ranking Metric) ###
####################################################################
+----+---------------+---------------+---------------+----------------------+----------------------+--------------------+---------+-----------+-------------+---------------+--------------------------+-----------------+-----------------+----------------------+---------+-----------------+-------------+--------------+----------+
|    | scenario      |   num spk hyp |   num spk ref |   tot utterances hyp |   tot utterances ref |   missed detection |   total |   correct |   confusion |   false alarm |   diarization error rate |   speaker error |   speaker count |   Jaccard error rate |    hits |   substitutions |   deletions |   insertions |      wer |
|----+---------------+---------------+---------------+----------------------+----------------------+--------------------+---------+-----------+-------------+---------------+--------------------------+-----------------+-----------------+----------------------+---------+-----------------+-------------+--------------+----------|
|  0 | macro-average |       56.3333 |       48.6667 |              5126.33 |                 8373 |            3377.05 | 21946.6 |   17326.9 |     1242.66 |        415.16 |                 0.287995 |         13.0977 |         48.6667 |             0.384688 | 55437.3 |           10989 |     12849.7 |      5281.67 | 0.472104 |
+----+---------------+---------------+---------------+----------------------+----------------------+--------------------+---------+-----------+-------------+---------------+--------------------------+-----------------+-----------------+----------------------+---------+-----------------+-------------+--------------+----------+
